<?xml version="1.0" encoding="UTF-8"?>
<coverage generated="1786505552872" clover="3.2.0">
  <project timestamp="1786505552872" name="All files">
    <metrics statements="280" coveredstatements="259" conditionals="161" coveredconditionals="136" methods="128" coveredmethods="109" elements="569" coveredelements="504" complexity="0" loc="280" ncloc="280" packages="7" files="29" classes="29"/>
    <package name="src">
      <metrics statements="0" coveredstatements="0" conditionals="0" coveredconditionals="0" methods="0" coveredmethods="0"/>
      <file name="types.ts" path="D:\test\lab\src\types.ts">
        <metrics statements="0" coveredstatements="0" conditionals="0" coveredconditionals="0" methods="0" coveredmethods="0"/>
      </file>
    </package>
    <package name="src.components">
      <metrics statements="72" coveredstatements="71" conditionals="69" coveredconditionals="57" methods="48" coveredmethods="42"/>
      <file name="ConfirmDeleteDialog.tsx" path="D:\test\lab\src\components\ConfirmDeleteDialog.tsx">
        <metrics statements="2" coveredstatements="2" conditionals="6" coveredconditionals="6" methods="1" coveredmethods="1"/>
        <line num="24" count="33" type="cond" truecount="2" falsecount="0"/>
        <line num="27" count="33" type="stmt"/>
      </file>
      <file name="LabeledInput.tsx" path="D:\test\lab\src\components\LabeledInput.tsx">
        <metrics statements="2" coveredstatements="2" conditionals="6" coveredconditionals="5" methods="1" coveredmethods="1"/>
        <line num="5" count="3" type="stmt"/>
        <line num="13" count="760" type="stmt"/>
      </file>
      <file name="PaymentInfoSection.tsx" path="D:\test\lab\src\components\PaymentInfoSection.tsx">
        <metrics statements="5" coveredstatements="5" conditionals="1" coveredconditionals="0" methods="5" coveredmethods="5"/>
        <line num="19" count="40" type="stmt"/>
        <line num="27" count="3" type="stmt"/>
        <line num="36" count="3" type="stmt"/>
        <line num="44" count="3" type="stmt"/>
        <line num="53" count="3" type="stmt"/>
      </file>
      <file name="ShippingInfoSection.tsx" path="D:\test\lab\src\components\ShippingInfoSection.tsx">
        <metrics statements="4" coveredstatements="4" conditionals="1" coveredconditionals="0" methods="4" coveredmethods="4"/>
        <line num="18" count="40" type="stmt"/>
        <line num="26" count="3" type="stmt"/>
        <line num="33" count="3" type="stmt"/>
        <line num="42" count="3" type="stmt"/>
      </file>
      <file name="StatusBadge.tsx" path="D:\test\lab\src\components\StatusBadge.tsx">
        <metrics statements="3" coveredstatements="3" conditionals="4" coveredconditionals="4" methods="1" coveredmethods="1"/>
        <line num="5" count="2" type="cond" truecount="2" falsecount="0"/>
        <line num="6" count="2" type="cond" truecount="2" falsecount="0"/>
        <line num="8" count="2" type="stmt"/>
      </file>
      <file name="TaskCard.tsx" path="D:\test\lab\src\components\TaskCard.tsx">
        <metrics statements="4" coveredstatements="3" conditionals="7" coveredconditionals="7" methods="4" coveredmethods="2"/>
        <line num="12" count="14" type="stmt"/>
        <line num="13" count="14" type="stmt"/>
        <line num="17" count="0" type="stmt"/>
        <line num="26" count="1" type="stmt"/>
      </file>
      <file name="TaskForm.tsx" path="D:\test\lab\src\components\TaskForm.tsx">
        <metrics statements="6" coveredstatements="6" conditionals="2" coveredconditionals="2" methods="2" coveredmethods="2"/>
        <line num="9" count="11" type="stmt"/>
        <line num="11" count="11" type="stmt"/>
        <line num="12" count="4" type="cond" truecount="2" falsecount="0"/>
        <line num="13" count="3" type="stmt"/>
        <line num="14" count="3" type="stmt"/>
        <line num="17" count="11" type="stmt"/>
      </file>
      <file name="TaskList.tsx" path="D:\test\lab\src\components\TaskList.tsx">
        <metrics statements="5" coveredstatements="5" conditionals="6" coveredconditionals="6" methods="5" coveredmethods="3"/>
        <line num="13" count="8" type="cond" truecount="2" falsecount="0"/>
        <line num="14" count="3" type="stmt"/>
        <line num="17" count="5" type="stmt"/>
        <line num="26" count="12" type="stmt"/>
        <line num="27" count="7" type="stmt"/>
      </file>
      <file name="TechnicalSupportCard.tsx" path="D:\test\lab\src\components\TechnicalSupportCard.tsx">
        <metrics statements="6" coveredstatements="6" conditionals="5" coveredconditionals="2" methods="4" coveredmethods="3"/>
        <line num="11" count="3" type="stmt"/>
        <line num="18" count="3" type="stmt"/>
        <line num="29" count="21" type="stmt"/>
        <line num="30" count="7" type="stmt"/>
        <line num="32" count="7" type="stmt"/>
        <line num="58" count="2" type="stmt"/>
      </file>
      <file name="TechnicalSupportForm.tsx" path="D:\test\lab\src\components\TechnicalSupportForm.tsx">
        <metrics statements="28" coveredstatements="28" conditionals="23" coveredconditionals="18" methods="14" coveredmethods="14"/>
        <line num="20" count="2" type="stmt"/>
        <line num="31" count="8" type="stmt"/>
        <line num="32" count="8" type="cond" truecount="2" falsecount="0"/>
        <line num="33" count="7" type="cond" truecount="1" falsecount="1"/>
        <line num="34" count="7" type="stmt"/>
        <line num="38" count="72" type="stmt"/>
        <line num="39" count="72" type="stmt"/>
        <line num="41" count="72" type="stmt"/>
        <line num="42" count="42" type="stmt"/>
        <line num="48" count="72" type="stmt"/>
        <line num="49" count="10" type="stmt"/>
        <line num="50" count="10" type="stmt"/>
        <line num="51" count="10" type="cond" truecount="2" falsecount="0"/>
        <line num="53" count="3" type="stmt"/>
        <line num="62" count="3" type="stmt"/>
        <line num="63" count="3" type="stmt"/>
        <line num="66" count="72" type="stmt"/>
        <line num="74" count="6" type="stmt"/>
        <line num="84" count="6" type="stmt"/>
        <line num="93" count="6" type="stmt"/>
        <line num="101" count="576" type="stmt"/>
        <line num="102" count="576" type="stmt"/>
        <line num="106" count="5" type="stmt"/>
        <line num="132" count="6" type="stmt"/>
        <line num="145" count="216" type="stmt"/>
        <line num="146" count="216" type="stmt"/>
        <line num="150" count="5" type="stmt"/>
        <line num="177" count="8" type="stmt"/>
      </file>
      <file name="TechnicalSupportList.tsx" path="D:\test\lab\src\components\TechnicalSupportList.tsx">
        <metrics statements="3" coveredstatements="3" conditionals="7" coveredconditionals="7" methods="3" coveredmethods="2"/>
        <line num="18" count="27" type="cond" truecount="2" falsecount="0"/>
        <line num="20" count="27" type="stmt"/>
        <line num="41" count="7" type="stmt"/>
      </file>
      <file name="UserInfoSection.tsx" path="D:\test\lab\src\components\UserInfoSection.tsx">
        <metrics statements="4" coveredstatements="4" conditionals="1" coveredconditionals="0" methods="4" coveredmethods="4"/>
        <line num="18" count="40" type="stmt"/>
        <line num="27" count="4" type="stmt"/>
        <line num="37" count="3" type="stmt"/>
        <line num="46" count="3" type="stmt"/>
      </file>
    </package>
    <package name="src.hooks">
      <metrics statements="86" coveredstatements="80" conditionals="22" coveredconditionals="16" methods="33" coveredmethods="31"/>
      <file name="useCounter.ts" path="D:\test\lab\src\hooks\useCounter.ts">
        <metrics statements="5" coveredstatements="5" conditionals="1" coveredconditionals="1" methods="6" coveredmethods="6"/>
        <line num="4" count="9" type="stmt"/>
        <line num="6" count="9" type="stmt"/>
        <line num="7" count="9" type="stmt"/>
        <line num="8" count="9" type="stmt"/>
        <line num="10" count="9" type="stmt"/>
      </file>
      <file name="useCreateTask.ts" path="D:\test\lab\src\hooks\useCreateTask.ts">
        <metrics statements="22" coveredstatements="22" conditionals="8" coveredconditionals="7" methods="15" coveredmethods="13"/>
        <line num="5" count="2" type="stmt"/>
        <line num="8" count="23" type="stmt"/>
        <line num="9" count="23" type="stmt"/>
        <line num="10" count="23" type="stmt"/>
        <line num="12" count="23" type="stmt"/>
        <line num="13" count="9" type="stmt"/>
        <line num="15" count="9" type="cond" truecount="2" falsecount="0"/>
        <line num="19" count="9" type="stmt"/>
        <line num="23" count="23" type="stmt"/>
        <line num="25" count="23" type="cond" truecount="2" falsecount="0"/>
        <line num="26" count="14" type="stmt"/>
        <line num="29" count="23" type="stmt"/>
        <line num="30" count="6" type="stmt"/>
        <line num="36" count="6" type="stmt"/>
        <line num="37" count="6" type="stmt"/>
        <line num="40" count="23" type="stmt"/>
        <line num="41" count="1" type="stmt"/>
        <line num="44" count="23" type="stmt"/>
        <line num="45" count="3" type="stmt"/>
        <line num="46" count="3" type="stmt"/>
        <line num="47" count="3" type="cond" truecount="3" falsecount="1"/>
        <line num="52" count="23" type="stmt"/>
      </file>
      <file name="useCreateTechnicalSupport.ts" path="D:\test\lab\src\hooks\useCreateTechnicalSupport.ts">
        <metrics statements="46" coveredstatements="40" conditionals="10" coveredconditionals="5" methods="6" coveredmethods="6"/>
        <line num="6" count="3" type="stmt"/>
        <line num="9" count="39" type="stmt"/>
        <line num="10" count="39" type="stmt"/>
        <line num="11" count="39" type="stmt"/>
        <line num="13" count="39" type="stmt"/>
        <line num="14" count="15" type="stmt"/>
        <line num="15" count="15" type="stmt"/>
        <line num="16" count="15" type="stmt"/>
        <line num="17" count="15" type="cond" truecount="2" falsecount="0"/>
        <line num="18" count="12" type="stmt"/>
        <line num="19" count="12" type="stmt"/>
        <line num="20" count="12" type="stmt"/>
        <line num="23" count="3" type="stmt"/>
        <line num="24" count="3" type="cond" truecount="2" falsecount="0"/>
        <line num="25" count="1" type="stmt"/>
        <line num="28" count="2" type="stmt"/>
        <line num="29" count="2" type="stmt"/>
        <line num="32" count="1" type="cond" truecount="1" falsecount="1"/>
        <line num="33" count="1" type="stmt"/>
        <line num="34" count="1" type="stmt"/>
        <line num="35" count="1" type="stmt"/>
        <line num="39" count="39" type="stmt"/>
        <line num="40" count="15" type="stmt"/>
        <line num="43" count="39" type="stmt"/>
        <line num="44" count="6" type="stmt"/>
        <line num="45" count="6" type="stmt"/>
        <line num="46" count="6" type="stmt"/>
        <line num="48" count="6" type="stmt"/>
        <line num="54" count="6" type="stmt"/>
        <line num="56" count="6" type="stmt"/>
        <line num="57" count="6" type="stmt"/>
        <line num="58" count="6" type="stmt"/>
        <line num="61" count="0" type="cond" truecount="0" falsecount="2"/>
        <line num="62" count="0" type="stmt"/>
        <line num="63" count="0" type="stmt"/>
        <line num="67" count="39" type="stmt"/>
        <line num="68" count="2" type="stmt"/>
        <line num="69" count="2" type="stmt"/>
        <line num="70" count="2" type="stmt"/>
        <line num="71" count="2" type="stmt"/>
        <line num="72" count="2" type="stmt"/>
        <line num="73" count="2" type="stmt"/>
        <line num="76" count="0" type="cond" truecount="0" falsecount="2"/>
        <line num="77" count="0" type="stmt"/>
        <line num="78" count="0" type="stmt"/>
        <line num="82" count="39" type="stmt"/>
      </file>
      <file name="useTaskList.ts" path="D:\test\lab\src\hooks\useTaskList.ts">
        <metrics statements="13" coveredstatements="13" conditionals="3" coveredconditionals="3" methods="6" coveredmethods="6"/>
        <line num="5" count="10" type="stmt"/>
        <line num="6" count="10" type="stmt"/>
        <line num="8" count="10" type="stmt"/>
        <line num="9" count="4" type="cond" truecount="2" falsecount="0"/>
        <line num="10" count="2" type="stmt"/>
        <line num="11" count="2" type="stmt"/>
        <line num="13" count="2" type="stmt"/>
        <line num="14" count="2" type="stmt"/>
        <line num="19" count="2" type="stmt"/>
        <line num="22" count="10" type="stmt"/>
        <line num="23" count="2" type="stmt"/>
        <line num="26" count="10" type="stmt"/>
        <line num="28" count="10" type="stmt"/>
      </file>
    </package>
    <package name="src.schemas">
      <metrics statements="33" coveredstatements="31" conditionals="9" coveredconditionals="9" methods="11" coveredmethods="9"/>
      <file name="checkoutSchema.ts" path="D:\test\lab\src\schemas\checkoutSchema.ts">
        <metrics statements="8" coveredstatements="8" conditionals="2" coveredconditionals="2" methods="2" coveredmethods="2"/>
        <line num="4" count="2" type="stmt"/>
        <line num="5" count="2" type="stmt"/>
        <line num="6" count="2" type="stmt"/>
        <line num="8" count="2" type="stmt"/>
        <line num="21" count="33" type="stmt"/>
        <line num="22" count="33" type="cond" truecount="2" falsecount="0"/>
        <line num="23" count="26" type="stmt"/>
        <line num="24" count="36" type="stmt"/>
      </file>
      <file name="taskSchema.ts" path="D:\test\lab\src\schemas\taskSchema.ts">
        <metrics statements="2" coveredstatements="2" conditionals="0" coveredconditionals="0" methods="0" coveredmethods="0"/>
        <line num="3" count="1" type="stmt"/>
        <line num="10" count="1" type="stmt"/>
      </file>
      <file name="technicalSupportSchema.ts" path="D:\test\lab\src\schemas\technicalSupportSchema.ts">
        <metrics statements="23" coveredstatements="21" conditionals="7" coveredconditionals="7" methods="9" coveredmethods="7"/>
        <line num="3" count="6" type="stmt"/>
        <line num="14" count="6" type="stmt"/>
        <line num="32" count="6" type="stmt"/>
        <line num="33" count="6" type="stmt"/>
        <line num="34" count="6" type="stmt"/>
        <line num="36" count="24" type="stmt"/>
        <line num="39" count="33" type="cond" truecount="2" falsecount="0"/>
        <line num="41" count="22" type="stmt"/>
        <line num="42" count="22" type="stmt"/>
        <line num="44" count="22" type="stmt"/>
        <line num="51" count="6" type="stmt"/>
        <line num="55" count="6" type="stmt"/>
        <line num="68" count="6" type="stmt"/>
        <line num="70" count="6" type="stmt"/>
        <line num="72" count="31" type="stmt"/>
        <line num="76" count="31" type="stmt"/>
        <line num="80" count="31" type="stmt"/>
        <line num="84" count="0" type="stmt"/>
        <line num="91" count="0" type="stmt"/>
        <line num="107" count="31" type="stmt"/>
        <line num="108" count="31" type="cond" truecount="2" falsecount="0"/>
        <line num="109" count="25" type="stmt"/>
        <line num="110" count="43" type="stmt"/>
      </file>
    </package>
    <package name="src.screens">
      <metrics statements="58" coveredstatements="46" conditionals="37" coveredconditionals="30" methods="27" coveredmethods="18"/>
      <file name="CheckoutScreen.tsx" path="D:\test\lab\src\screens\CheckoutScreen.tsx">
        <metrics statements="24" coveredstatements="23" conditionals="14" coveredconditionals="12" methods="12" coveredmethods="11"/>
        <line num="19" count="1" type="stmt"/>
        <line num="20" count="1" type="stmt"/>
        <line num="21" count="1" type="stmt"/>
        <line num="23" count="1" type="stmt"/>
        <line num="24" count="41" type="stmt"/>
        <line num="27" count="40" type="stmt"/>
        <line num="28" count="40" type="stmt"/>
        <line num="29" count="40" type="stmt"/>
        <line num="30" count="40" type="stmt"/>
        <line num="31" count="40" type="stmt"/>
        <line num="32" count="40" type="stmt"/>
        <line num="34" count="40" type="stmt"/>
        <line num="35" count="5" type="cond" truecount="2" falsecount="0"/>
        <line num="36" count="1" type="stmt"/>
        <line num="37" count="1" type="stmt"/>
        <line num="38" count="1" type="stmt"/>
        <line num="41" count="4" type="stmt"/>
        <line num="42" count="4" type="stmt"/>
        <line num="43" count="4" type="cond" truecount="2" falsecount="0"/>
        <line num="46" count="40" type="stmt"/>
        <line num="64" count="10" type="stmt"/>
        <line num="69" count="9" type="stmt"/>
        <line num="74" count="12" type="stmt"/>
        <line num="101" count="0" type="stmt"/>
      </file>
      <file name="CreateTaskScreen.tsx" path="D:\test\lab\src\screens\CreateTaskScreen.tsx">
        <metrics statements="14" coveredstatements="10" conditionals="8" coveredconditionals="6" methods="6" coveredmethods="3"/>
        <line num="10" count="1" type="stmt"/>
        <line num="17" count="5" type="stmt"/>
        <line num="18" count="5" type="stmt"/>
        <line num="19" count="5" type="stmt"/>
        <line num="20" count="5" type="stmt"/>
        <line num="22" count="5" type="stmt"/>
        <line num="23" count="5" type="stmt"/>
        <line num="25" count="5" type="stmt"/>
        <line num="39" count="15" type="stmt"/>
        <line num="40" count="15" type="stmt"/>
        <line num="43" count="0" type="stmt"/>
        <line num="59" count="0" type="stmt"/>
        <line num="61" count="0" type="cond" truecount="0" falsecount="2"/>
        <line num="62" count="0" type="stmt"/>
      </file>
      <file name="CreateTechnicalSupportScreen.tsx" path="D:\test\lab\src\screens\CreateTechnicalSupportScreen.tsx">
        <metrics statements="16" coveredstatements="13" conditionals="15" coveredconditionals="12" methods="7" coveredmethods="4"/>
        <line num="14" count="2" type="stmt"/>
        <line num="23" count="23" type="stmt"/>
        <line num="24" count="23" type="stmt"/>
        <line num="25" count="23" type="stmt"/>
        <line num="26" count="23" type="stmt"/>
        <line num="28" count="23" type="stmt"/>
        <line num="29" count="23" type="stmt"/>
        <line num="31" count="23" type="stmt"/>
        <line num="73" count="115" type="stmt"/>
        <line num="74" count="115" type="stmt"/>
        <line num="78" count="0" type="stmt"/>
        <line num="110" count="0" type="stmt"/>
        <line num="112" count="1" type="cond" truecount="1" falsecount="1"/>
        <line num="113" count="1" type="stmt"/>
        <line num="115" count="1" type="stmt"/>
        <line num="122" count="0" type="stmt"/>
      </file>
      <file name="HomeScreen.tsx" path="D:\test\lab\src\screens\HomeScreen.tsx">
        <metrics statements="4" coveredstatements="0" conditionals="0" coveredconditionals="0" methods="2" coveredmethods="0"/>
        <line num="6" count="0" type="stmt"/>
        <line num="28" count="0" type="stmt"/>
        <line num="30" count="0" type="stmt"/>
        <line num="37" count="0" type="stmt"/>
      </file>
    </package>
    <package name="src.services">
      <metrics statements="14" coveredstatements="14" conditionals="8" coveredconditionals="8" methods="4" coveredmethods="4"/>
      <file name="taskService.ts" path="D:\test\lab\src\services\taskService.ts">
        <metrics statements="7" coveredstatements="7" conditionals="4" coveredconditionals="4" methods="2" coveredmethods="2"/>
        <line num="3" count="1" type="stmt"/>
        <line num="6" count="2" type="stmt"/>
        <line num="7" count="2" type="cond" truecount="2" falsecount="0"/>
        <line num="8" count="1" type="stmt"/>
        <line num="12" count="3" type="stmt"/>
        <line num="17" count="3" type="cond" truecount="2" falsecount="0"/>
        <line num="18" count="2" type="stmt"/>
      </file>
      <file name="technicalSupportService.ts" path="D:\test\lab\src\services\technicalSupportService.ts">
        <metrics statements="7" coveredstatements="7" conditionals="4" coveredconditionals="4" methods="2" coveredmethods="2"/>
        <line num="3" count="1" type="stmt"/>
        <line num="6" count="2" type="stmt"/>
        <line num="7" count="2" type="cond" truecount="2" falsecount="0"/>
        <line num="8" count="1" type="stmt"/>
        <line num="14" count="3" type="stmt"/>
        <line num="19" count="3" type="cond" truecount="2" falsecount="0"/>
        <line num="20" count="2" type="stmt"/>
      </file>
    </package>
    <package name="src.utils">
      <metrics statements="17" coveredstatements="17" conditionals="16" coveredconditionals="16" methods="5" coveredmethods="5"/>
      <file name="filterTasks.ts" path="D:\test\lab\src\utils\filterTasks.ts">
        <metrics statements="5" coveredstatements="5" conditionals="4" coveredconditionals="4" methods="2" coveredmethods="2"/>
        <line num="5" count="2" type="stmt"/>
        <line num="8" count="9" type="cond" truecount="2" falsecount="0"/>
        <line num="9" count="1" type="stmt"/>
        <line num="11" count="8" type="cond" truecount="2" falsecount="0"/>
        <line num="12" count="8" type="stmt"/>
      </file>
      <file name="filterTechnicalSupport.ts" path="D:\test\lab\src\utils\filterTechnicalSupport.ts">
        <metrics statements="5" coveredstatements="5" conditionals="4" coveredconditionals="4" methods="2" coveredmethods="2"/>
        <line num="5" count="3" type="stmt"/>
        <line num="17" count="27" type="cond" truecount="2" falsecount="0"/>
        <line num="18" count="1" type="stmt"/>
        <line num="20" count="26" type="cond" truecount="2" falsecount="0"/>
        <line num="21" count="5" type="stmt"/>
      </file>
      <file name="validateTask.ts" path="D:\test\lab\src\utils\validateTask.ts">
        <metrics statements="7" coveredstatements="7" conditionals="8" coveredconditionals="8" methods="1" coveredmethods="1"/>
        <line num="2" count="7" type="cond" truecount="4" falsecount="0"/>
        <line num="3" count="2" type="stmt"/>
        <line num="5" count="5" type="cond" truecount="2" falsecount="0"/>
        <line num="6" count="1" type="stmt"/>
        <line num="8" count="4" type="cond" truecount="2" falsecount="0"/>
        <line num="9" count="1" type="stmt"/>
        <line num="11" count="3" type="stmt"/>
      </file>
    </package>
  </project>
</coverage>
