{"D:\\test\\lab\\src\\types.ts": {"path":"D:\\test\\lab\\src\\types.ts","statementMap":{},"fnMap":{},"branchMap":{},"s":{},"f":{},"b":{}}
,"D:\\test\\lab\\src\\components\\ConfirmDeleteDialog.tsx": {"path":"D:\\test\\lab\\src\\components\\ConfirmDeleteDialog.tsx","statementMap":{"0":{"start":{"line":24,"column":4},"end":{"line":25,"column":116}},"1":{"start":{"line":27,"column":2},"end":{"line":54,"column":4}}},"fnMap":{"0":{"name":"ConfirmDeleteDialog","decl":{"start":{"line":14,"column":16},"end":{"line":14,"column":35}},"loc":{"start":{"line":22,"column":29},"end":{"line":55,"column":1}},"line":22}},"branchMap":{"0":{"loc":{"start":{"line":17,"column":2},"end":{"line":17,"column":26}},"type":"default-arg","locations":[{"start":{"line":17,"column":10},"end":{"line":17,"column":26}}],"line":17},"1":{"loc":{"start":{"line":19,"column":2},"end":{"line":19,"column":27}},"type":"default-arg","locations":[{"start":{"line":19,"column":17},"end":{"line":19,"column":27}}],"line":19},"2":{"loc":{"start":{"line":24,"column":4},"end":{"line":25,"column":116}},"type":"binary-expr","locations":[{"start":{"line":24,"column":4},"end":{"line":24,"column":11}},{"start":{"line":25,"column":4},"end":{"line":25,"column":116}}],"line":24},"3":{"loc":{"start":{"line":25,"column":36},"end":{"line":25,"column":79}},"type":"cond-expr","locations":[{"start":{"line":25,"column":48},"end":{"line":25,"column":64}},{"start":{"line":25,"column":67},"end":{"line":25,"column":79}}],"line":25}},"s":{"0":33,"1":33},"f":{"0":33},"b":{"0":[9],"1":[33],"2":[33,9],"3":[4,5]},"_coverageSchema":"1a1c01bbd47fc00a2c39e90264f33305004495a9","hash":"81065ae208e38fb02e4172b13e1f38fd54cfd67f"}
,"D:\\test\\lab\\src\\components\\LabeledInput.tsx": {"path":"D:\\test\\lab\\src\\components\\LabeledInput.tsx","statementMap":{"0":{"start":{"line":5,"column":37},"end":{"line":5,"column":66}},"1":{"start":{"line":13,"column":2},"end":{"line":26,"column":4}}},"fnMap":{"0":{"name":"LabeledInput","decl":{"start":{"line":12,"column":16},"end":{"line":12,"column":28}},"loc":{"start":{"line":12,"column":75},"end":{"line":27,"column":1}},"line":12}},"branchMap":{"0":{"loc":{"start":{"line":18,"column":30},"end":{"line":18,"column":87}},"type":"cond-expr","locations":[{"start":{"line":18,"column":54},"end":{"line":18,"column":75}},{"start":{"line":18,"column":78},"end":{"line":18,"column":87}}],"line":18},"1":{"loc":{"start":{"line":20,"column":10},"end":{"line":20,"column":54}},"type":"cond-expr","locations":[{"start":{"line":20,"column":18},"end":{"line":20,"column":34}},{"start":{"line":20,"column":37},"end":{"line":20,"column":54}}],"line":20},"2":{"loc":{"start":{"line":24,"column":7},"end":{"line":24,"column":69}},"type":"binary-expr","locations":[{"start":{"line":24,"column":7},"end":{"line":24,"column":12}},{"start":{"line":24,"column":16},"end":{"line":24,"column":69}}],"line":24}},"s":{"0":3,"1":760},"f":{"0":760},"b":{"0":[760,0],"1":[44,716],"2":[760,44]},"_coverageSchema":"1a1c01bbd47fc00a2c39e90264f33305004495a9","hash":"4610392baac6621f3915ad4b038a0701caa09d3a"}
,"D:\\test\\lab\\src\\components\\PaymentInfoSection.tsx": {"path":"D:\\test\\lab\\src\\components\\PaymentInfoSection.tsx","statementMap":{"0":{"start":{"line":19,"column":2},"end":{"line":56,"column":4}},"1":{"start":{"line":27,"column":29},"end":{"line":27,"column":51}},"2":{"start":{"line":36,"column":29},"end":{"line":36,"column":57}},"3":{"start":{"line":44,"column":29},"end":{"line":44,"column":55}},"4":{"start":{"line":53,"column":29},"end":{"line":53,"column":47}}},"fnMap":{"0":{"name":"PaymentInfoSection","decl":{"start":{"line":18,"column":16},"end":{"line":18,"column":34}},"loc":{"start":{"line":18,"column":77},"end":{"line":57,"column":1}},"line":18},"1":{"name":"(anonymous_1)","decl":{"start":{"line":27,"column":22},"end":{"line":27,"column":23}},"loc":{"start":{"line":27,"column":29},"end":{"line":27,"column":51}},"line":27},"2":{"name":"(anonymous_2)","decl":{"start":{"line":36,"column":22},"end":{"line":36,"column":23}},"loc":{"start":{"line":36,"column":29},"end":{"line":36,"column":57}},"line":36},"3":{"name":"(anonymous_3)","decl":{"start":{"line":44,"column":22},"end":{"line":44,"column":23}},"loc":{"start":{"line":44,"column":29},"end":{"line":44,"column":55}},"line":44},"4":{"name":"(anonymous_4)","decl":{"start":{"line":53,"column":22},"end":{"line":53,"column":23}},"loc":{"start":{"line":53,"column":29},"end":{"line":53,"column":47}},"line":53}},"branchMap":{"0":{"loc":{"start":{"line":18,"column":55},"end":{"line":18,"column":66}},"type":"default-arg","locations":[{"start":{"line":18,"column":64},"end":{"line":18,"column":66}}],"line":18}},"s":{"0":40,"1":3,"2":3,"3":3,"4":3},"f":{"0":40,"1":3,"2":3,"3":3,"4":3},"b":{"0":[0]},"_coverageSchema":"1a1c01bbd47fc00a2c39e90264f33305004495a9","hash":"92b352cf3aa85fcb49ec863b9d5a1fd1d9646ea4"}
,"D:\\test\\lab\\src\\components\\ShippingInfoSection.tsx": {"path":"D:\\test\\lab\\src\\components\\ShippingInfoSection.tsx","statementMap":{"0":{"start":{"line":18,"column":2},"end":{"line":45,"column":4}},"1":{"start":{"line":26,"column":29},"end":{"line":26,"column":53}},"2":{"start":{"line":33,"column":29},"end":{"line":33,"column":50}},"3":{"start":{"line":42,"column":29},"end":{"line":42,"column":56}}},"fnMap":{"0":{"name":"ShippingInfoSection","decl":{"start":{"line":17,"column":16},"end":{"line":17,"column":35}},"loc":{"start":{"line":17,"column":78},"end":{"line":46,"column":1}},"line":17},"1":{"name":"(anonymous_1)","decl":{"start":{"line":26,"column":22},"end":{"line":26,"column":23}},"loc":{"start":{"line":26,"column":29},"end":{"line":26,"column":53}},"line":26},"2":{"name":"(anonymous_2)","decl":{"start":{"line":33,"column":22},"end":{"line":33,"column":23}},"loc":{"start":{"line":33,"column":29},"end":{"line":33,"column":50}},"line":33},"3":{"name":"(anonymous_3)","decl":{"start":{"line":42,"column":22},"end":{"line":42,"column":23}},"loc":{"start":{"line":42,"column":29},"end":{"line":42,"column":56}},"line":42}},"branchMap":{"0":{"loc":{"start":{"line":17,"column":56},"end":{"line":17,"column":67}},"type":"default-arg","locations":[{"start":{"line":17,"column":65},"end":{"line":17,"column":67}}],"line":17}},"s":{"0":40,"1":3,"2":3,"3":3},"f":{"0":40,"1":3,"2":3,"3":3},"b":{"0":[0]},"_coverageSchema":"1a1c01bbd47fc00a2c39e90264f33305004495a9","hash":"052f390af26492097f4c2aa8dcabb035abf43c0c"}
,"D:\\test\\lab\\src\\components\\StatusBadge.tsx": {"path":"D:\\test\\lab\\src\\components\\StatusBadge.tsx","statementMap":{"0":{"start":{"line":5,"column":16},"end":{"line":5,"column":67}},"1":{"start":{"line":6,"column":15},"end":{"line":6,"column":49}},"2":{"start":{"line":8,"column":2},"end":{"line":17,"column":4}}},"fnMap":{"0":{"name":"StatusBadge","decl":{"start":{"line":4,"column":16},"end":{"line":4,"column":27}},"loc":{"start":{"line":4,"column":77},"end":{"line":18,"column":1}},"line":4}},"branchMap":{"0":{"loc":{"start":{"line":5,"column":16},"end":{"line":5,"column":67}},"type":"cond-expr","locations":[{"start":{"line":5,"column":41},"end":{"line":5,"column":53}},{"start":{"line":5,"column":56},"end":{"line":5,"column":67}}],"line":5},"1":{"loc":{"start":{"line":6,"column":15},"end":{"line":6,"column":49}},"type":"cond-expr","locations":[{"start":{"line":6,"column":40},"end":{"line":6,"column":43}},{"start":{"line":6,"column":46},"end":{"line":6,"column":49}}],"line":6}},"s":{"0":2,"1":2,"2":2},"f":{"0":2},"b":{"0":[1,1],"1":[1,1]},"_coverageSchema":"1a1c01bbd47fc00a2c39e90264f33305004495a9","hash":"44d537401761ffd57286c31bae57782251e67245"}
,"D:\\test\\lab\\src\\components\\TaskCard.tsx": {"path":"D:\\test\\lab\\src\\components\\TaskCard.tsx","statementMap":{"0":{"start":{"line":12,"column":15},"end":{"line":12,"column":42}},"1":{"start":{"line":13,"column":2},"end":{"line":33,"column":4}},"2":{"start":{"line":17,"column":23},"end":{"line":17,"column":40}},"3":{"start":{"line":26,"column":23},"end":{"line":26,"column":40}}},"fnMap":{"0":{"name":"TaskCard","decl":{"start":{"line":11,"column":16},"end":{"line":11,"column":24}},"loc":{"start":{"line":11,"column":81},"end":{"line":34,"column":1}},"line":11},"1":{"name":"(anonymous_1)","decl":{"start":{"line":11,"column":54},"end":{"line":11,"column":55}},"loc":{"start":{"line":11,"column":60},"end":{"line":11,"column":62}},"line":11},"2":{"name":"(anonymous_2)","decl":{"start":{"line":17,"column":17},"end":{"line":17,"column":18}},"loc":{"start":{"line":17,"column":23},"end":{"line":17,"column":40}},"line":17},"3":{"name":"(anonymous_3)","decl":{"start":{"line":26,"column":17},"end":{"line":26,"column":18}},"loc":{"start":{"line":26,"column":23},"end":{"line":26,"column":40}},"line":26}},"branchMap":{"0":{"loc":{"start":{"line":11,"column":43},"end":{"line":11,"column":62}},"type":"default-arg","locations":[{"start":{"line":11,"column":54},"end":{"line":11,"column":62}}],"line":11},"1":{"loc":{"start":{"line":19,"column":63},"end":{"line":19,"column":96}},"type":"cond-expr","locations":[{"start":{"line":19,"column":70},"end":{"line":19,"column":81}},{"start":{"line":19,"column":84},"end":{"line":19,"column":96}}],"line":19},"2":{"loc":{"start":{"line":21,"column":41},"end":{"line":21,"column":82}},"type":"cond-expr","locations":[{"start":{"line":21,"column":48},"end":{"line":21,"column":64}},{"start":{"line":21,"column":67},"end":{"line":21,"column":82}}],"line":21},"3":{"loc":{"start":{"line":22,"column":11},"end":{"line":22,"column":48}},"type":"cond-expr","locations":[{"start":{"line":22,"column":18},"end":{"line":22,"column":32}},{"start":{"line":22,"column":35},"end":{"line":22,"column":48}}],"line":22}},"s":{"0":14,"1":14,"2":0,"3":1},"f":{"0":14,"1":0,"2":0,"3":1},"b":{"0":[7],"1":[2,12],"2":[2,12],"3":[2,12]},"_coverageSchema":"1a1c01bbd47fc00a2c39e90264f33305004495a9","hash":"0f97448c26661783130a4341e65c50ab6b2e2f8b"}
,"D:\\test\\lab\\src\\components\\TaskForm.tsx": {"path":"D:\\test\\lab\\src\\components\\TaskForm.tsx","statementMap":{"0":{"start":{"line":9,"column":28},"end":{"line":9,"column":40}},"1":{"start":{"line":11,"column":23},"end":{"line":15,"column":3}},"2":{"start":{"line":12,"column":4},"end":{"line":12,"column":30}},"3":{"start":{"line":12,"column":23},"end":{"line":12,"column":30}},"4":{"start":{"line":13,"column":4},"end":{"line":13,"column":20}},"5":{"start":{"line":14,"column":4},"end":{"line":14,"column":17}},"6":{"start":{"line":17,"column":2},"end":{"line":36,"column":4}}},"fnMap":{"0":{"name":"TaskForm","decl":{"start":{"line":8,"column":16},"end":{"line":8,"column":24}},"loc":{"start":{"line":8,"column":54},"end":{"line":37,"column":1}},"line":8},"1":{"name":"(anonymous_1)","decl":{"start":{"line":11,"column":23},"end":{"line":11,"column":24}},"loc":{"start":{"line":11,"column":29},"end":{"line":15,"column":3}},"line":11}},"branchMap":{"0":{"loc":{"start":{"line":12,"column":4},"end":{"line":12,"column":30}},"type":"if","locations":[{"start":{"line":12,"column":4},"end":{"line":12,"column":30}},{"start":{},"end":{}}],"line":12}},"s":{"0":11,"1":11,"2":4,"3":1,"4":3,"5":3,"6":11},"f":{"0":11,"1":4},"b":{"0":[1,3]},"_coverageSchema":"1a1c01bbd47fc00a2c39e90264f33305004495a9","hash":"22c1416be4acdd79f35e16794a2522737b219e22"}
,"D:\\test\\lab\\src\\components\\TaskList.tsx": {"path":"D:\\test\\lab\\src\\components\\TaskList.tsx","statementMap":{"0":{"start":{"line":13,"column":2},"end":{"line":15,"column":3}},"1":{"start":{"line":14,"column":4},"end":{"line":14,"column":95}},"2":{"start":{"line":17,"column":2},"end":{"line":30,"column":4}},"3":{"start":{"line":26,"column":29},"end":{"line":26,"column":33}},"4":{"start":{"line":27,"column":34},"end":{"line":27,"column":98}}},"fnMap":{"0":{"name":"TaskList","decl":{"start":{"line":12,"column":16},"end":{"line":12,"column":24}},"loc":{"start":{"line":12,"column":93},"end":{"line":31,"column":1}},"line":12},"1":{"name":"(anonymous_1)","decl":{"start":{"line":12,"column":45},"end":{"line":12,"column":46}},"loc":{"start":{"line":12,"column":51},"end":{"line":12,"column":53}},"line":12},"2":{"name":"(anonymous_2)","decl":{"start":{"line":12,"column":66},"end":{"line":12,"column":67}},"loc":{"start":{"line":12,"column":72},"end":{"line":12,"column":74}},"line":12},"3":{"name":"(anonymous_3)","decl":{"start":{"line":26,"column":22},"end":{"line":26,"column":23}},"loc":{"start":{"line":26,"column":29},"end":{"line":26,"column":33}},"line":26},"4":{"name":"(anonymous_4)","decl":{"start":{"line":27,"column":20},"end":{"line":27,"column":21}},"loc":{"start":{"line":27,"column":34},"end":{"line":27,"column":98}},"line":27}},"branchMap":{"0":{"loc":{"start":{"line":12,"column":34},"end":{"line":12,"column":53}},"type":"default-arg","locations":[{"start":{"line":12,"column":45},"end":{"line":12,"column":53}}],"line":12},"1":{"loc":{"start":{"line":12,"column":55},"end":{"line":12,"column":74}},"type":"default-arg","locations":[{"start":{"line":12,"column":66},"end":{"line":12,"column":74}}],"line":12},"2":{"loc":{"start":{"line":13,"column":2},"end":{"line":15,"column":3}},"type":"if","locations":[{"start":{"line":13,"column":2},"end":{"line":15,"column":3}},{"start":{},"end":{}}],"line":13},"3":{"loc":{"start":{"line":20,"column":9},"end":{"line":20,"column":66}},"type":"cond-expr","locations":[{"start":{"line":20,"column":30},"end":{"line":20,"column":39}},{"start":{"line":20,"column":42},"end":{"line":20,"column":66}}],"line":20}},"s":{"0":8,"1":3,"2":5,"3":12,"4":7},"f":{"0":8,"1":0,"2":0,"3":12,"4":7},"b":{"0":[3],"1":[3],"2":[3,5],"3":[3,2]},"_coverageSchema":"1a1c01bbd47fc00a2c39e90264f33305004495a9","hash":"664faafb873f61d68dafb23856e4352de805f0b0"}
,"D:\\test\\lab\\src\\components\\TechnicalSupportCard.tsx": {"path":"D:\\test\\lab\\src\\components\\TechnicalSupportCard.tsx","statementMap":{"0":{"start":{"line":11,"column":62},"end":{"line":16,"column":1}},"1":{"start":{"line":18,"column":62},"end":{"line":23,"column":1}},"2":{"start":{"line":29,"column":19},"end":{"line":29,"column":89}},"3":{"start":{"line":29,"column":60},"end":{"line":29,"column":88}},"4":{"start":{"line":30,"column":22},"end":{"line":30,"column":51}},"5":{"start":{"line":32,"column":2},"end":{"line":65,"column":4}},"6":{"start":{"line":58,"column":23},"end":{"line":58,"column":43}}},"fnMap":{"0":{"name":"TechnicalSupportCard","decl":{"start":{"line":25,"column":16},"end":{"line":25,"column":36}},"loc":{"start":{"line":28,"column":30},"end":{"line":66,"column":1}},"line":28},"1":{"name":"(anonymous_1)","decl":{"start":{"line":27,"column":13},"end":{"line":27,"column":14}},"loc":{"start":{"line":27,"column":19},"end":{"line":27,"column":21}},"line":27},"2":{"name":"(anonymous_2)","decl":{"start":{"line":29,"column":53},"end":{"line":29,"column":54}},"loc":{"start":{"line":29,"column":60},"end":{"line":29,"column":88}},"line":29},"3":{"name":"(anonymous_3)","decl":{"start":{"line":58,"column":17},"end":{"line":58,"column":18}},"loc":{"start":{"line":58,"column":23},"end":{"line":58,"column":43}},"line":58}},"branchMap":{"0":{"loc":{"start":{"line":27,"column":2},"end":{"line":27,"column":21}},"type":"default-arg","locations":[{"start":{"line":27,"column":13},"end":{"line":27,"column":21}}],"line":27},"1":{"loc":{"start":{"line":51,"column":20},"end":{"line":51,"column":55}},"type":"binary-expr","locations":[{"start":{"line":51,"column":20},"end":{"line":51,"column":35}},{"start":{"line":51,"column":39},"end":{"line":51,"column":55}}],"line":51},"2":{"loc":{"start":{"line":52,"column":9},"end":{"line":52,"column":53}},"type":"cond-expr","locations":[{"start":{"line":52,"column":20},"end":{"line":52,"column":48}},{"start":{"line":52,"column":51},"end":{"line":52,"column":53}}],"line":52}},"s":{"0":3,"1":3,"2":7,"3":21,"4":7,"5":7,"6":2},"f":{"0":7,"1":0,"2":21,"3":2},"b":{"0":[0],"1":[7,0],"2":[7,0]},"_coverageSchema":"1a1c01bbd47fc00a2c39e90264f33305004495a9","hash":"83d41c42d552752c934fe15a355f743ce6bcb4b1"}
,"D:\\test\\lab\\src\\components\\TechnicalSupportForm.tsx": {"path":"D:\\test\\lab\\src\\components\\TechnicalSupportForm.tsx","statementMap":{"0":{"start":{"line":20,"column":18},"end":{"line":28,"column":1}},"1":{"start":{"line":31,"column":17},"end":{"line":31,"column":53}},"2":{"start":{"line":32,"column":2},"end":{"line":32,"column":40}},"3":{"start":{"line":32,"column":26},"end":{"line":32,"column":40}},"4":{"start":{"line":33,"column":2},"end":{"line":33,"column":76}},"5":{"start":{"line":33,"column":26},"end":{"line":33,"column":76}},"6":{"start":{"line":34,"column":2},"end":{"line":34,"column":74}},"7":{"start":{"line":38,"column":30},"end":{"line":38,"column":49}},"8":{"start":{"line":39,"column":30},"end":{"line":39,"column":75}},"9":{"start":{"line":41,"column":19},"end":{"line":46,"column":3}},"10":{"start":{"line":42,"column":4},"end":{"line":45,"column":8}},"11":{"start":{"line":42,"column":25},"end":{"line":45,"column":5}},"12":{"start":{"line":48,"column":23},"end":{"line":64,"column":3}},"13":{"start":{"line":49,"column":18},"end":{"line":49,"column":50}},"14":{"start":{"line":50,"column":4},"end":{"line":50,"column":21}},"15":{"start":{"line":51,"column":4},"end":{"line":51,"column":46}},"16":{"start":{"line":51,"column":39},"end":{"line":51,"column":46}},"17":{"start":{"line":53,"column":4},"end":{"line":61,"column":7}},"18":{"start":{"line":62,"column":4},"end":{"line":62,"column":25}},"19":{"start":{"line":63,"column":4},"end":{"line":63,"column":18}},"20":{"start":{"line":66,"column":2},"end":{"line":199,"column":4}},"21":{"start":{"line":74,"column":29},"end":{"line":74,"column":52}},"22":{"start":{"line":84,"column":29},"end":{"line":84,"column":49}},"23":{"start":{"line":93,"column":29},"end":{"line":93,"column":48}},"24":{"start":{"line":101,"column":27},"end":{"line":101,"column":55}},"25":{"start":{"line":102,"column":12},"end":{"line":120,"column":14}},"26":{"start":{"line":106,"column":31},"end":{"line":106,"column":61}},"27":{"start":{"line":132,"column":29},"end":{"line":132,"column":55}},"28":{"start":{"line":145,"column":27},"end":{"line":145,"column":61}},"29":{"start":{"line":146,"column":12},"end":{"line":165,"column":14}},"30":{"start":{"line":150,"column":31},"end":{"line":150,"column":67}},"31":{"start":{"line":177,"column":29},"end":{"line":177,"column":59}}},"fnMap":{"0":{"name":"formatMaxSolutionDate","decl":{"start":{"line":30,"column":9},"end":{"line":30,"column":30}},"loc":{"start":{"line":30,"column":46},"end":{"line":35,"column":1}},"line":30},"1":{"name":"TechnicalSupportForm","decl":{"start":{"line":37,"column":16},"end":{"line":37,"column":36}},"loc":{"start":{"line":37,"column":96},"end":{"line":200,"column":1}},"line":37},"2":{"name":"(anonymous_2)","decl":{"start":{"line":41,"column":19},"end":{"line":41,"column":20}},"loc":{"start":{"line":41,"column":69},"end":{"line":46,"column":3}},"line":41},"3":{"name":"(anonymous_3)","decl":{"start":{"line":42,"column":14},"end":{"line":42,"column":15}},"loc":{"start":{"line":42,"column":25},"end":{"line":45,"column":5}},"line":42},"4":{"name":"(anonymous_4)","decl":{"start":{"line":48,"column":23},"end":{"line":48,"column":24}},"loc":{"start":{"line":48,"column":29},"end":{"line":64,"column":3}},"line":48},"5":{"name":"(anonymous_5)","decl":{"start":{"line":74,"column":22},"end":{"line":74,"column":23}},"loc":{"start":{"line":74,"column":29},"end":{"line":74,"column":52}},"line":74},"6":{"name":"(anonymous_6)","decl":{"start":{"line":84,"column":22},"end":{"line":84,"column":23}},"loc":{"start":{"line":84,"column":29},"end":{"line":84,"column":49}},"line":84},"7":{"name":"(anonymous_7)","decl":{"start":{"line":93,"column":22},"end":{"line":93,"column":23}},"loc":{"start":{"line":93,"column":29},"end":{"line":93,"column":48}},"line":93},"8":{"name":"(anonymous_8)","decl":{"start":{"line":100,"column":44},"end":{"line":100,"column":45}},"loc":{"start":{"line":100,"column":58},"end":{"line":121,"column":11}},"line":100},"9":{"name":"(anonymous_9)","decl":{"start":{"line":106,"column":25},"end":{"line":106,"column":26}},"loc":{"start":{"line":106,"column":31},"end":{"line":106,"column":61}},"line":106},"10":{"name":"(anonymous_10)","decl":{"start":{"line":132,"column":22},"end":{"line":132,"column":23}},"loc":{"start":{"line":132,"column":29},"end":{"line":132,"column":55}},"line":132},"11":{"name":"(anonymous_11)","decl":{"start":{"line":144,"column":44},"end":{"line":144,"column":45}},"loc":{"start":{"line":144,"column":58},"end":{"line":166,"column":11}},"line":144},"12":{"name":"(anonymous_12)","decl":{"start":{"line":150,"column":25},"end":{"line":150,"column":26}},"loc":{"start":{"line":150,"column":31},"end":{"line":150,"column":67}},"line":150},"13":{"name":"(anonymous_13)","decl":{"start":{"line":177,"column":22},"end":{"line":177,"column":23}},"loc":{"start":{"line":177,"column":29},"end":{"line":177,"column":59}},"line":177}},"branchMap":{"0":{"loc":{"start":{"line":32,"column":2},"end":{"line":32,"column":40}},"type":"if","locations":[{"start":{"line":32,"column":2},"end":{"line":32,"column":40}},{"start":{},"end":{}}],"line":32},"1":{"loc":{"start":{"line":33,"column":2},"end":{"line":33,"column":76}},"type":"if","locations":[{"start":{"line":33,"column":2},"end":{"line":33,"column":76}},{"start":{},"end":{}}],"line":33},"2":{"loc":{"start":{"line":37,"column":49},"end":{"line":37,"column":65}},"type":"default-arg","locations":[{"start":{"line":37,"column":60},"end":{"line":37,"column":65}}],"line":37},"3":{"loc":{"start":{"line":44,"column":15},"end":{"line":44,"column":81}},"type":"cond-expr","locations":[{"start":{"line":44,"column":45},"end":{"line":44,"column":73}},{"start":{"line":44,"column":76},"end":{"line":44,"column":81}}],"line":44},"4":{"loc":{"start":{"line":51,"column":4},"end":{"line":51,"column":46}},"type":"if","locations":[{"start":{"line":51,"column":4},"end":{"line":51,"column":46}},{"start":{},"end":{}}],"line":51},"5":{"loc":{"start":{"line":111,"column":18},"end":{"line":111,"column":60}},"type":"cond-expr","locations":[{"start":{"line":111,"column":27},"end":{"line":111,"column":42}},{"start":{"line":111,"column":45},"end":{"line":111,"column":60}}],"line":111},"6":{"loc":{"start":{"line":115,"column":52},"end":{"line":115,"column":93}},"type":"cond-expr","locations":[{"start":{"line":115,"column":61},"end":{"line":115,"column":73}},{"start":{"line":115,"column":76},"end":{"line":115,"column":93}}],"line":115},"7":{"loc":{"start":{"line":123,"column":9},"end":{"line":123,"column":91}},"type":"binary-expr","locations":[{"start":{"line":123,"column":9},"end":{"line":123,"column":24}},{"start":{"line":123,"column":28},"end":{"line":123,"column":91}}],"line":123},"8":{"loc":{"start":{"line":155,"column":18},"end":{"line":155,"column":88}},"type":"cond-expr","locations":[{"start":{"line":155,"column":27},"end":{"line":155,"column":59}},{"start":{"line":155,"column":62},"end":{"line":155,"column":88}}],"line":155},"9":{"loc":{"start":{"line":159,"column":54},"end":{"line":159,"column":98}},"type":"cond-expr","locations":[{"start":{"line":159,"column":63},"end":{"line":159,"column":80}},{"start":{"line":159,"column":83},"end":{"line":159,"column":98}}],"line":159},"10":{"loc":{"start":{"line":168,"column":9},"end":{"line":168,"column":91}},"type":"binary-expr","locations":[{"start":{"line":168,"column":9},"end":{"line":168,"column":24}},{"start":{"line":168,"column":28},"end":{"line":168,"column":91}}],"line":168},"11":{"loc":{"start":{"line":193,"column":10},"end":{"line":193,"column":75}},"type":"cond-expr","locations":[{"start":{"line":193,"column":21},"end":{"line":193,"column":36}},{"start":{"line":193,"column":39},"end":{"line":193,"column":75}}],"line":193}},"s":{"0":2,"1":8,"2":8,"3":1,"4":7,"5":0,"6":7,"7":72,"8":72,"9":72,"10":42,"11":42,"12":72,"13":10,"14":10,"15":10,"16":7,"17":3,"18":3,"19":3,"20":72,"21":6,"22":6,"23":6,"24":576,"25":576,"26":5,"27":6,"28":216,"29":216,"30":5,"31":8},"f":{"0":8,"1":72,"2":42,"3":42,"4":10,"5":6,"6":6,"7":6,"8":576,"9":5,"10":6,"11":216,"12":5,"13":8},"b":{"0":[1,7],"1":[0,7],"2":[0],"3":[8,34],"4":[7,3],"5":[33,543],"6":[33,543],"7":[72,0],"8":[23,193],"9":[23,193],"10":[72,0],"11":[0,72]},"_coverageSchema":"1a1c01bbd47fc00a2c39e90264f33305004495a9","hash":"b218c6e89e41156705214c3056d9c32113e9767a"}
,"D:\\test\\lab\\src\\components\\TechnicalSupportList.tsx": {"path":"D:\\test\\lab\\src\\components\\TechnicalSupportList.tsx","statementMap":{"0":{"start":{"line":18,"column":16},"end":{"line":18,"column":45}},"1":{"start":{"line":20,"column":2},"end":{"line":46,"column":4}},"2":{"start":{"line":41,"column":12},"end":{"line":41,"column":91}}},"fnMap":{"0":{"name":"TechnicalSupportList","decl":{"start":{"line":13,"column":16},"end":{"line":13,"column":36}},"loc":{"start":{"line":17,"column":30},"end":{"line":47,"column":1}},"line":17},"1":{"name":"(anonymous_1)","decl":{"start":{"line":16,"column":13},"end":{"line":16,"column":14}},"loc":{"start":{"line":16,"column":19},"end":{"line":16,"column":21}},"line":16},"2":{"name":"(anonymous_2)","decl":{"start":{"line":40,"column":24},"end":{"line":40,"column":25}},"loc":{"start":{"line":41,"column":12},"end":{"line":41,"column":91}},"line":41}},"branchMap":{"0":{"loc":{"start":{"line":16,"column":2},"end":{"line":16,"column":21}},"type":"default-arg","locations":[{"start":{"line":16,"column":13},"end":{"line":16,"column":21}}],"line":16},"1":{"loc":{"start":{"line":18,"column":16},"end":{"line":18,"column":45}},"type":"binary-expr","locations":[{"start":{"line":18,"column":16},"end":{"line":18,"column":26}},{"start":{"line":18,"column":30},"end":{"line":18,"column":45}}],"line":18},"2":{"loc":{"start":{"line":27,"column":11},"end":{"line":27,"column":86}},"type":"cond-expr","locations":[{"start":{"line":27,"column":25},"end":{"line":27,"column":49}},{"start":{"line":27,"column":52},"end":{"line":27,"column":86}}],"line":27},"3":{"loc":{"start":{"line":31,"column":7},"end":{"line":44,"column":7}},"type":"cond-expr","locations":[{"start":{"line":32,"column":8},"end":{"line":37,"column":15}},{"start":{"line":39,"column":8},"end":{"line":43,"column":15}}],"line":31}},"s":{"0":27,"1":27,"2":7},"f":{"0":27,"1":0,"2":7},"b":{"0":[3],"1":[27,3],"2":[6,21],"3":[20,7]},"_coverageSchema":"1a1c01bbd47fc00a2c39e90264f33305004495a9","hash":"64e016d5da0f42685a0e0f57b732d888146f1981"}
,"D:\\test\\lab\\src\\components\\UserInfoSection.tsx": {"path":"D:\\test\\lab\\src\\components\\UserInfoSection.tsx","statementMap":{"0":{"start":{"line":18,"column":2},"end":{"line":49,"column":4}},"1":{"start":{"line":27,"column":29},"end":{"line":27,"column":50}},"2":{"start":{"line":37,"column":29},"end":{"line":37,"column":49}},"3":{"start":{"line":46,"column":29},"end":{"line":46,"column":52}}},"fnMap":{"0":{"name":"UserInfoSection","decl":{"start":{"line":17,"column":16},"end":{"line":17,"column":31}},"loc":{"start":{"line":17,"column":74},"end":{"line":50,"column":1}},"line":17},"1":{"name":"(anonymous_1)","decl":{"start":{"line":27,"column":22},"end":{"line":27,"column":23}},"loc":{"start":{"line":27,"column":29},"end":{"line":27,"column":50}},"line":27},"2":{"name":"(anonymous_2)","decl":{"start":{"line":37,"column":22},"end":{"line":37,"column":23}},"loc":{"start":{"line":37,"column":29},"end":{"line":37,"column":49}},"line":37},"3":{"name":"(anonymous_3)","decl":{"start":{"line":46,"column":22},"end":{"line":46,"column":23}},"loc":{"start":{"line":46,"column":29},"end":{"line":46,"column":52}},"line":46}},"branchMap":{"0":{"loc":{"start":{"line":17,"column":52},"end":{"line":17,"column":63}},"type":"default-arg","locations":[{"start":{"line":17,"column":61},"end":{"line":17,"column":63}}],"line":17}},"s":{"0":40,"1":4,"2":3,"3":3},"f":{"0":40,"1":4,"2":3,"3":3},"b":{"0":[0]},"_coverageSchema":"1a1c01bbd47fc00a2c39e90264f33305004495a9","hash":"6b03fd17e6df346ae3450b10e43a4ecd3d5ded10"}
,"D:\\test\\lab\\src\\hooks\\useCounter.ts": {"path":"D:\\test\\lab\\src\\hooks\\useCounter.ts","statementMap":{"0":{"start":{"line":4,"column":28},"end":{"line":4,"column":50}},"1":{"start":{"line":6,"column":20},"end":{"line":6,"column":54}},"2":{"start":{"line":6,"column":26},"end":{"line":6,"column":54}},"3":{"start":{"line":6,"column":45},"end":{"line":6,"column":53}},"4":{"start":{"line":7,"column":20},"end":{"line":7,"column":54}},"5":{"start":{"line":7,"column":26},"end":{"line":7,"column":54}},"6":{"start":{"line":7,"column":45},"end":{"line":7,"column":53}},"7":{"start":{"line":8,"column":16},"end":{"line":8,"column":44}},"8":{"start":{"line":8,"column":22},"end":{"line":8,"column":44}},"9":{"start":{"line":10,"column":2},"end":{"line":10,"column":48}}},"fnMap":{"0":{"name":"useCounter","decl":{"start":{"line":3,"column":16},"end":{"line":3,"column":26}},"loc":{"start":{"line":3,"column":53},"end":{"line":11,"column":1}},"line":3},"1":{"name":"(anonymous_1)","decl":{"start":{"line":6,"column":20},"end":{"line":6,"column":21}},"loc":{"start":{"line":6,"column":26},"end":{"line":6,"column":54}},"line":6},"2":{"name":"(anonymous_2)","decl":{"start":{"line":6,"column":35},"end":{"line":6,"column":36}},"loc":{"start":{"line":6,"column":45},"end":{"line":6,"column":53}},"line":6},"3":{"name":"(anonymous_3)","decl":{"start":{"line":7,"column":20},"end":{"line":7,"column":21}},"loc":{"start":{"line":7,"column":26},"end":{"line":7,"column":54}},"line":7},"4":{"name":"(anonymous_4)","decl":{"start":{"line":7,"column":35},"end":{"line":7,"column":36}},"loc":{"start":{"line":7,"column":45},"end":{"line":7,"column":53}},"line":7},"5":{"name":"(anonymous_5)","decl":{"start":{"line":8,"column":16},"end":{"line":8,"column":17}},"loc":{"start":{"line":8,"column":22},"end":{"line":8,"column":44}},"line":8}},"branchMap":{"0":{"loc":{"start":{"line":3,"column":27},"end":{"line":3,"column":51}},"type":"default-arg","locations":[{"start":{"line":3,"column":50},"end":{"line":3,"column":51}}],"line":3}},"s":{"0":9,"1":9,"2":3,"3":3,"4":9,"5":1,"6":1,"7":9,"8":1,"9":9},"f":{"0":9,"1":3,"2":3,"3":1,"4":1,"5":1},"b":{"0":[3]},"_coverageSchema":"1a1c01bbd47fc00a2c39e90264f33305004495a9","hash":"3f42cada02ee0a135364608edfb91c37e3dfdbda"}
,"D:\\test\\lab\\src\\hooks\\useCreateTask.ts": {"path":"D:\\test\\lab\\src\\hooks\\useCreateTask.ts","statementMap":{"0":{"start":{"line":5,"column":20},"end":{"line":5,"column":27}},"1":{"start":{"line":8,"column":30},"end":{"line":8,"column":66}},"2":{"start":{"line":9,"column":28},"end":{"line":9,"column":48}},"3":{"start":{"line":10,"column":17},"end":{"line":10,"column":30}},"4":{"start":{"line":12,"column":2},"end":{"line":21,"column":9}},"5":{"start":{"line":13,"column":4},"end":{"line":20,"column":9}},"6":{"start":{"line":15,"column":8},"end":{"line":15,"column":43}},"7":{"start":{"line":15,"column":17},"end":{"line":15,"column":43}},"8":{"start":{"line":19,"column":8},"end":{"line":19,"column":30}},"9":{"start":{"line":23,"column":2},"end":{"line":27,"column":14}},"10":{"start":{"line":25,"column":4},"end":{"line":25,"column":32}},"11":{"start":{"line":25,"column":25},"end":{"line":25,"column":32}},"12":{"start":{"line":26,"column":4},"end":{"line":26,"column":77}},"13":{"start":{"line":29,"column":17},"end":{"line":38,"column":3}},"14":{"start":{"line":30,"column":23},"end":{"line":35,"column":5}},"15":{"start":{"line":36,"column":4},"end":{"line":36,"column":40}},"16":{"start":{"line":36,"column":23},"end":{"line":36,"column":38}},"17":{"start":{"line":37,"column":4},"end":{"line":37,"column":25}},"18":{"start":{"line":40,"column":21},"end":{"line":42,"column":3}},"19":{"start":{"line":41,"column":4},"end":{"line":41,"column":56}},"20":{"start":{"line":41,"column":23},"end":{"line":41,"column":54}},"21":{"start":{"line":41,"column":42},"end":{"line":41,"column":53}},"22":{"start":{"line":44,"column":21},"end":{"line":50,"column":3}},"23":{"start":{"line":45,"column":4},"end":{"line":49,"column":6}},"24":{"start":{"line":46,"column":6},"end":{"line":48,"column":7}},"25":{"start":{"line":47,"column":8},"end":{"line":47,"column":94}},"26":{"start":{"line":52,"column":2},"end":{"line":52,"column":59}}},"fnMap":{"0":{"name":"useCreateTask","decl":{"start":{"line":7,"column":16},"end":{"line":7,"column":29}},"loc":{"start":{"line":7,"column":32},"end":{"line":53,"column":1}},"line":7},"1":{"name":"(anonymous_1)","decl":{"start":{"line":12,"column":12},"end":{"line":12,"column":13}},"loc":{"start":{"line":12,"column":18},"end":{"line":21,"column":3}},"line":12},"2":{"name":"(anonymous_2)","decl":{"start":{"line":14,"column":12},"end":{"line":14,"column":13}},"loc":{"start":{"line":14,"column":21},"end":{"line":16,"column":7}},"line":14},"3":{"name":"(anonymous_3)","decl":{"start":{"line":17,"column":13},"end":{"line":17,"column":14}},"loc":{"start":{"line":17,"column":19},"end":{"line":17,"column":21}},"line":17},"4":{"name":"(anonymous_4)","decl":{"start":{"line":18,"column":15},"end":{"line":18,"column":16}},"loc":{"start":{"line":18,"column":21},"end":{"line":20,"column":7}},"line":18},"5":{"name":"(anonymous_5)","decl":{"start":{"line":23,"column":12},"end":{"line":23,"column":13}},"loc":{"start":{"line":23,"column":18},"end":{"line":27,"column":3}},"line":23},"6":{"name":"(anonymous_6)","decl":{"start":{"line":26,"column":67},"end":{"line":26,"column":68}},"loc":{"start":{"line":26,"column":73},"end":{"line":26,"column":75}},"line":26},"7":{"name":"(anonymous_7)","decl":{"start":{"line":29,"column":17},"end":{"line":29,"column":18}},"loc":{"start":{"line":29,"column":42},"end":{"line":38,"column":3}},"line":29},"8":{"name":"(anonymous_8)","decl":{"start":{"line":36,"column":13},"end":{"line":36,"column":14}},"loc":{"start":{"line":36,"column":23},"end":{"line":36,"column":38}},"line":36},"9":{"name":"(anonymous_9)","decl":{"start":{"line":40,"column":21},"end":{"line":40,"column":22}},"loc":{"start":{"line":40,"column":37},"end":{"line":42,"column":3}},"line":40},"10":{"name":"(anonymous_10)","decl":{"start":{"line":41,"column":13},"end":{"line":41,"column":14}},"loc":{"start":{"line":41,"column":23},"end":{"line":41,"column":54}},"line":41},"11":{"name":"(anonymous_11)","decl":{"start":{"line":41,"column":35},"end":{"line":41,"column":36}},"loc":{"start":{"line":41,"column":42},"end":{"line":41,"column":53}},"line":41},"12":{"name":"(anonymous_12)","decl":{"start":{"line":44,"column":21},"end":{"line":44,"column":22}},"loc":{"start":{"line":44,"column":37},"end":{"line":50,"column":3}},"line":44},"13":{"name":"(anonymous_13)","decl":{"start":{"line":45,"column":13},"end":{"line":45,"column":14}},"loc":{"start":{"line":46,"column":6},"end":{"line":48,"column":7}},"line":46},"14":{"name":"(anonymous_14)","decl":{"start":{"line":46,"column":15},"end":{"line":46,"column":16}},"loc":{"start":{"line":47,"column":8},"end":{"line":47,"column":94}},"line":47}},"branchMap":{"0":{"loc":{"start":{"line":15,"column":8},"end":{"line":15,"column":43}},"type":"if","locations":[{"start":{"line":15,"column":8},"end":{"line":15,"column":43}},{"start":{},"end":{}}],"line":15},"1":{"loc":{"start":{"line":25,"column":4},"end":{"line":25,"column":32}},"type":"if","locations":[{"start":{"line":25,"column":4},"end":{"line":25,"column":32}},{"start":{},"end":{}}],"line":25},"2":{"loc":{"start":{"line":47,"column":8},"end":{"line":47,"column":94}},"type":"cond-expr","locations":[{"start":{"line":47,"column":22},"end":{"line":47,"column":90}},{"start":{"line":47,"column":93},"end":{"line":47,"column":94}}],"line":47},"3":{"loc":{"start":{"line":47,"column":38},"end":{"line":47,"column":88}},"type":"cond-expr","locations":[{"start":{"line":47,"column":65},"end":{"line":47,"column":74}},{"start":{"line":47,"column":77},"end":{"line":47,"column":88}}],"line":47}},"s":{"0":2,"1":23,"2":23,"3":23,"4":23,"5":9,"6":9,"7":4,"8":9,"9":23,"10":23,"11":9,"12":14,"13":23,"14":6,"15":6,"16":6,"17":6,"18":23,"19":1,"20":1,"21":1,"22":23,"23":3,"24":3,"25":3,"26":23},"f":{"0":23,"1":9,"2":9,"3":0,"4":9,"5":23,"6":0,"7":6,"8":6,"9":1,"10":1,"11":1,"12":3,"13":3,"14":3},"b":{"0":[4,5],"1":[9,14],"2":[3,0],"3":[1,2]},"_coverageSchema":"1a1c01bbd47fc00a2c39e90264f33305004495a9","hash":"0a2bd483cbd9ceee641383d362fe1c5fd9d681f7"}
,"D:\\test\\lab\\src\\hooks\\useCreateTechnicalSupport.ts": {"path":"D:\\test\\lab\\src\\hooks\\useCreateTechnicalSupport.ts","statementMap":{"0":{"start":{"line":6,"column":20},"end":{"line":6,"column":40}},"1":{"start":{"line":9,"column":30},"end":{"line":9,"column":88}},"2":{"start":{"line":10,"column":28},"end":{"line":10,"column":57}},"3":{"start":{"line":11,"column":34},"end":{"line":11,"column":66}},"4":{"start":{"line":13,"column":15},"end":{"line":37,"column":8}},"5":{"start":{"line":14,"column":4},"end":{"line":36,"column":5}},"6":{"start":{"line":15,"column":6},"end":{"line":15,"column":21}},"7":{"start":{"line":16,"column":18},"end":{"line":16,"column":57}},"8":{"start":{"line":17,"column":6},"end":{"line":21,"column":7}},"9":{"start":{"line":18,"column":8},"end":{"line":18,"column":24}},"10":{"start":{"line":19,"column":8},"end":{"line":19,"column":26}},"11":{"start":{"line":20,"column":8},"end":{"line":20,"column":15}},"12":{"start":{"line":23,"column":21},"end":{"line":23,"column":74}},"13":{"start":{"line":24,"column":6},"end":{"line":26,"column":7}},"14":{"start":{"line":25,"column":8},"end":{"line":25,"column":83}},"15":{"start":{"line":28,"column":6},"end":{"line":28,"column":31}},"16":{"start":{"line":29,"column":6},"end":{"line":29,"column":24}},"17":{"start":{"line":32,"column":8},"end":{"line":32,"column":93}},"18":{"start":{"line":33,"column":6},"end":{"line":33,"column":24}},"19":{"start":{"line":34,"column":6},"end":{"line":34,"column":25}},"20":{"start":{"line":35,"column":6},"end":{"line":35,"column":22}},"21":{"start":{"line":39,"column":2},"end":{"line":41,"column":13}},"22":{"start":{"line":40,"column":4},"end":{"line":40,"column":11}},"23":{"start":{"line":43,"column":17},"end":{"line":65,"column":3}},"24":{"start":{"line":44,"column":4},"end":{"line":64,"column":5}},"25":{"start":{"line":45,"column":6},"end":{"line":45,"column":27}},"26":{"start":{"line":46,"column":6},"end":{"line":46,"column":21}},"27":{"start":{"line":48,"column":40},"end":{"line":53,"column":7}},"28":{"start":{"line":54,"column":27},"end":{"line":54,"column":49}},"29":{"start":{"line":56,"column":6},"end":{"line":56,"column":76}},"30":{"start":{"line":57,"column":6},"end":{"line":57,"column":32}},"31":{"start":{"line":58,"column":6},"end":{"line":58,"column":27}},"32":{"start":{"line":61,"column":8},"end":{"line":61,"column":91}},"33":{"start":{"line":62,"column":6},"end":{"line":62,"column":24}},"34":{"start":{"line":63,"column":6},"end":{"line":63,"column":25}},"35":{"start":{"line":67,"column":24},"end":{"line":80,"column":3}},"36":{"start":{"line":68,"column":4},"end":{"line":79,"column":5}},"37":{"start":{"line":69,"column":6},"end":{"line":69,"column":21}},"38":{"start":{"line":70,"column":27},"end":{"line":70,"column":74}},"39":{"start":{"line":70,"column":56},"end":{"line":70,"column":73}},"40":{"start":{"line":71,"column":6},"end":{"line":71,"column":76}},"41":{"start":{"line":72,"column":6},"end":{"line":72,"column":32}},"42":{"start":{"line":73,"column":6},"end":{"line":73,"column":24}},"43":{"start":{"line":76,"column":8},"end":{"line":76,"column":92}},"44":{"start":{"line":77,"column":6},"end":{"line":77,"column":24}},"45":{"start":{"line":78,"column":6},"end":{"line":78,"column":25}},"46":{"start":{"line":82,"column":2},"end":{"line":82,"column":66}}},"fnMap":{"0":{"name":"useCreateTechnicalSupport","decl":{"start":{"line":8,"column":16},"end":{"line":8,"column":41}},"loc":{"start":{"line":8,"column":44},"end":{"line":83,"column":1}},"line":8},"1":{"name":"(anonymous_1)","decl":{"start":{"line":13,"column":27},"end":{"line":13,"column":28}},"loc":{"start":{"line":13,"column":39},"end":{"line":37,"column":3}},"line":13},"2":{"name":"(anonymous_2)","decl":{"start":{"line":39,"column":12},"end":{"line":39,"column":13}},"loc":{"start":{"line":39,"column":18},"end":{"line":41,"column":3}},"line":39},"3":{"name":"(anonymous_3)","decl":{"start":{"line":43,"column":17},"end":{"line":43,"column":18}},"loc":{"start":{"line":43,"column":63},"end":{"line":65,"column":3}},"line":43},"4":{"name":"(anonymous_4)","decl":{"start":{"line":67,"column":24},"end":{"line":67,"column":25}},"loc":{"start":{"line":67,"column":46},"end":{"line":80,"column":3}},"line":67},"5":{"name":"(anonymous_5)","decl":{"start":{"line":70,"column":43},"end":{"line":70,"column":44}},"loc":{"start":{"line":70,"column":56},"end":{"line":70,"column":73}},"line":70}},"branchMap":{"0":{"loc":{"start":{"line":17,"column":6},"end":{"line":21,"column":7}},"type":"if","locations":[{"start":{"line":17,"column":6},"end":{"line":21,"column":7}},{"start":{},"end":{}}],"line":17},"1":{"loc":{"start":{"line":24,"column":6},"end":{"line":26,"column":7}},"type":"if","locations":[{"start":{"line":24,"column":6},"end":{"line":26,"column":7}},{"start":{},"end":{}}],"line":24},"2":{"loc":{"start":{"line":32,"column":8},"end":{"line":32,"column":93}},"type":"cond-expr","locations":[{"start":{"line":32,"column":29},"end":{"line":32,"column":38}},{"start":{"line":32,"column":41},"end":{"line":32,"column":93}}],"line":32},"3":{"loc":{"start":{"line":61,"column":8},"end":{"line":61,"column":91}},"type":"cond-expr","locations":[{"start":{"line":61,"column":29},"end":{"line":61,"column":38}},{"start":{"line":61,"column":41},"end":{"line":61,"column":91}}],"line":61},"4":{"loc":{"start":{"line":76,"column":8},"end":{"line":76,"column":92}},"type":"cond-expr","locations":[{"start":{"line":76,"column":29},"end":{"line":76,"column":38}},{"start":{"line":76,"column":41},"end":{"line":76,"column":92}}],"line":76}},"s":{"0":3,"1":39,"2":39,"3":39,"4":39,"5":15,"6":15,"7":15,"8":15,"9":12,"10":12,"11":12,"12":3,"13":3,"14":1,"15":2,"16":2,"17":1,"18":1,"19":1,"20":1,"21":39,"22":15,"23":39,"24":6,"25":6,"26":6,"27":6,"28":6,"29":6,"30":6,"31":6,"32":0,"33":0,"34":0,"35":39,"36":2,"37":2,"38":2,"39":2,"40":2,"41":2,"42":2,"43":0,"44":0,"45":0,"46":39},"f":{"0":39,"1":15,"2":15,"3":6,"4":2,"5":2},"b":{"0":[12,3],"1":[1,2],"2":[1,0],"3":[0,0],"4":[0,0]},"_coverageSchema":"1a1c01bbd47fc00a2c39e90264f33305004495a9","hash":"9f91afbd6a31b2e29e60f9d0842db25158cda307"}
,"D:\\test\\lab\\src\\hooks\\useTaskList.ts": {"path":"D:\\test\\lab\\src\\hooks\\useTaskList.ts","statementMap":{"0":{"start":{"line":5,"column":28},"end":{"line":5,"column":58}},"1":{"start":{"line":6,"column":28},"end":{"line":6,"column":57}},"2":{"start":{"line":8,"column":18},"end":{"line":20,"column":3}},"3":{"start":{"line":9,"column":4},"end":{"line":12,"column":5}},"4":{"start":{"line":10,"column":6},"end":{"line":10,"column":49}},"5":{"start":{"line":11,"column":6},"end":{"line":11,"column":13}},"6":{"start":{"line":13,"column":4},"end":{"line":13,"column":19}},"7":{"start":{"line":14,"column":26},"end":{"line":18,"column":5}},"8":{"start":{"line":19,"column":4},"end":{"line":19,"column":43}},"9":{"start":{"line":19,"column":23},"end":{"line":19,"column":41}},"10":{"start":{"line":22,"column":21},"end":{"line":24,"column":3}},"11":{"start":{"line":23,"column":4},"end":{"line":23,"column":62}},"12":{"start":{"line":23,"column":23},"end":{"line":23,"column":60}},"13":{"start":{"line":23,"column":45},"end":{"line":23,"column":59}},"14":{"start":{"line":26,"column":20},"end":{"line":26,"column":32}},"15":{"start":{"line":28,"column":2},"end":{"line":28,"column":58}}},"fnMap":{"0":{"name":"useTaskList","decl":{"start":{"line":4,"column":16},"end":{"line":4,"column":27}},"loc":{"start":{"line":4,"column":55},"end":{"line":29,"column":1}},"line":4},"1":{"name":"(anonymous_1)","decl":{"start":{"line":8,"column":18},"end":{"line":8,"column":19}},"loc":{"start":{"line":8,"column":37},"end":{"line":20,"column":3}},"line":8},"2":{"name":"(anonymous_2)","decl":{"start":{"line":19,"column":13},"end":{"line":19,"column":14}},"loc":{"start":{"line":19,"column":23},"end":{"line":19,"column":41}},"line":19},"3":{"name":"(anonymous_3)","decl":{"start":{"line":22,"column":21},"end":{"line":22,"column":22}},"loc":{"start":{"line":22,"column":37},"end":{"line":24,"column":3}},"line":22},"4":{"name":"(anonymous_4)","decl":{"start":{"line":23,"column":13},"end":{"line":23,"column":14}},"loc":{"start":{"line":23,"column":23},"end":{"line":23,"column":60}},"line":23},"5":{"name":"(anonymous_5)","decl":{"start":{"line":23,"column":35},"end":{"line":23,"column":36}},"loc":{"start":{"line":23,"column":45},"end":{"line":23,"column":59}},"line":23}},"branchMap":{"0":{"loc":{"start":{"line":4,"column":28},"end":{"line":4,"column":53}},"type":"default-arg","locations":[{"start":{"line":4,"column":51},"end":{"line":4,"column":53}}],"line":4},"1":{"loc":{"start":{"line":9,"column":4},"end":{"line":12,"column":5}},"type":"if","locations":[{"start":{"line":9,"column":4},"end":{"line":12,"column":5}},{"start":{},"end":{}}],"line":9}},"s":{"0":10,"1":10,"2":10,"3":4,"4":2,"5":2,"6":2,"7":2,"8":2,"9":2,"10":10,"11":1,"12":1,"13":2,"14":10,"15":10},"f":{"0":10,"1":4,"2":2,"3":1,"4":1,"5":2},"b":{"0":[8],"1":[2,2]},"_coverageSchema":"1a1c01bbd47fc00a2c39e90264f33305004495a9","hash":"6a3e689bdb1ad739a21e0fd906a15ea5e0f3d82e"}
,"D:\\test\\lab\\src\\schemas\\checkoutSchema.ts": {"path":"D:\\test\\lab\\src\\schemas\\checkoutSchema.ts","statementMap":{"0":{"start":{"line":4,"column":20},"end":{"line":4,"column":38}},"1":{"start":{"line":5,"column":21},"end":{"line":5,"column":28}},"2":{"start":{"line":6,"column":14},"end":{"line":6,"column":40}},"3":{"start":{"line":8,"column":30},"end":{"line":15,"column":2}},"4":{"start":{"line":21,"column":17},"end":{"line":21,"column":49}},"5":{"start":{"line":22,"column":2},"end":{"line":22,"column":32}},"6":{"start":{"line":22,"column":22},"end":{"line":22,"column":32}},"7":{"start":{"line":23,"column":2},"end":{"line":25,"column":4}},"8":{"start":{"line":24,"column":78},"end":{"line":24,"column":96}}},"fnMap":{"0":{"name":"validateCheckout","decl":{"start":{"line":20,"column":16},"end":{"line":20,"column":32}},"loc":{"start":{"line":20,"column":106},"end":{"line":26,"column":1}},"line":20},"1":{"name":"(anonymous_1)","decl":{"start":{"line":24,"column":59},"end":{"line":24,"column":60}},"loc":{"start":{"line":24,"column":78},"end":{"line":24,"column":96}},"line":24}},"branchMap":{"0":{"loc":{"start":{"line":22,"column":2},"end":{"line":22,"column":32}},"type":"if","locations":[{"start":{"line":22,"column":2},"end":{"line":22,"column":32}},{"start":{},"end":{}}],"line":22}},"s":{"0":2,"1":2,"2":2,"3":2,"4":33,"5":33,"6":7,"7":26,"8":36},"f":{"0":33,"1":36},"b":{"0":[7,26]},"_coverageSchema":"1a1c01bbd47fc00a2c39e90264f33305004495a9","hash":"00c5bee8b225b93bfc36187d4ad9d52c63d80455"}
,"D:\\test\\lab\\src\\schemas\\taskSchema.ts": {"path":"D:\\test\\lab\\src\\schemas\\taskSchema.ts","statementMap":{"0":{"start":{"line":3,"column":26},"end":{"line":8,"column":2}},"1":{"start":{"line":10,"column":30},"end":{"line":10,"column":49}}},"fnMap":{},"branchMap":{},"s":{"0":1,"1":1},"f":{},"b":{},"_coverageSchema":"1a1c01bbd47fc00a2c39e90264f33305004495a9","hash":"526a96353b339472c94cb22abb6c4e81613652b2"}
,"D:\\test\\lab\\src\\schemas\\technicalSupportSchema.ts": {"path":"D:\\test\\lab\\src\\schemas\\technicalSupportSchema.ts","statementMap":{"0":{"start":{"line":3,"column":44},"end":{"line":12,"column":10}},"1":{"start":{"line":14,"column":44},"end":{"line":30,"column":10}},"2":{"start":{"line":32,"column":27},"end":{"line":32,"column":45}},"3":{"start":{"line":33,"column":26},"end":{"line":33,"column":33}},"4":{"start":{"line":34,"column":23},"end":{"line":34,"column":70}},"5":{"start":{"line":36,"column":21},"end":{"line":36,"column":75}},"6":{"start":{"line":36,"column":42},"end":{"line":36,"column":75}},"7":{"start":{"line":39,"column":2},"end":{"line":39,"column":48}},"8":{"start":{"line":39,"column":35},"end":{"line":39,"column":48}},"9":{"start":{"line":41,"column":29},"end":{"line":41,"column":57}},"10":{"start":{"line":42,"column":15},"end":{"line":42,"column":55}},"11":{"start":{"line":44,"column":2},"end":{"line":48,"column":4}},"12":{"start":{"line":51,"column":21},"end":{"line":53,"column":2}},"13":{"start":{"line":55,"column":38},"end":{"line":66,"column":2}},"14":{"start":{"line":68,"column":42},"end":{"line":68,"column":73}},"15":{"start":{"line":70,"column":44},"end":{"line":99,"column":2}},"16":{"start":{"line":72,"column":15},"end":{"line":72,"column":45}},"17":{"start":{"line":76,"column":15},"end":{"line":76,"column":44}},"18":{"start":{"line":80,"column":15},"end":{"line":80,"column":45}},"19":{"start":{"line":84,"column":21},"end":{"line":84,"column":60}},"20":{"start":{"line":91,"column":21},"end":{"line":91,"column":60}},"21":{"start":{"line":107,"column":17},"end":{"line":107,"column":63}},"22":{"start":{"line":108,"column":2},"end":{"line":108,"column":32}},"23":{"start":{"line":108,"column":22},"end":{"line":108,"column":32}},"24":{"start":{"line":109,"column":2},"end":{"line":111,"column":4}},"25":{"start":{"line":110,"column":78},"end":{"line":110,"column":96}}},"fnMap":{"0":{"name":"(anonymous_0)","decl":{"start":{"line":36,"column":21},"end":{"line":36,"column":22}},"loc":{"start":{"line":36,"column":42},"end":{"line":36,"column":75}},"line":36},"1":{"name":"isValidIsoDate","decl":{"start":{"line":38,"column":9},"end":{"line":38,"column":23}},"loc":{"start":{"line":38,"column":39},"end":{"line":49,"column":1}},"line":38},"2":{"name":"(anonymous_2)","decl":{"start":{"line":72,"column":4},"end":{"line":72,"column":5}},"loc":{"start":{"line":72,"column":15},"end":{"line":72,"column":45}},"line":72},"3":{"name":"(anonymous_3)","decl":{"start":{"line":76,"column":4},"end":{"line":76,"column":5}},"loc":{"start":{"line":76,"column":15},"end":{"line":76,"column":44}},"line":76},"4":{"name":"(anonymous_4)","decl":{"start":{"line":80,"column":4},"end":{"line":80,"column":5}},"loc":{"start":{"line":80,"column":15},"end":{"line":80,"column":45}},"line":80},"5":{"name":"(anonymous_5)","decl":{"start":{"line":84,"column":14},"end":{"line":84,"column":15}},"loc":{"start":{"line":84,"column":21},"end":{"line":84,"column":60}},"line":84},"6":{"name":"(anonymous_6)","decl":{"start":{"line":91,"column":14},"end":{"line":91,"column":15}},"loc":{"start":{"line":91,"column":21},"end":{"line":91,"column":60}},"line":91},"7":{"name":"validateTechnicalSupport","decl":{"start":{"line":104,"column":16},"end":{"line":104,"column":40}},"loc":{"start":{"line":106,"column":57},"end":{"line":112,"column":1}},"line":106},"8":{"name":"(anonymous_8)","decl":{"start":{"line":110,"column":59},"end":{"line":110,"column":60}},"loc":{"start":{"line":110,"column":78},"end":{"line":110,"column":96}},"line":110}},"branchMap":{"0":{"loc":{"start":{"line":39,"column":2},"end":{"line":39,"column":48}},"type":"if","locations":[{"start":{"line":39,"column":2},"end":{"line":39,"column":48}},{"start":{},"end":{}}],"line":39},"1":{"loc":{"start":{"line":45,"column":4},"end":{"line":47,"column":32}},"type":"binary-expr","locations":[{"start":{"line":45,"column":4},"end":{"line":45,"column":34}},{"start":{"line":46,"column":7},"end":{"line":46,"column":39}},{"start":{"line":47,"column":7},"end":{"line":47,"column":32}}],"line":45},"2":{"loc":{"start":{"line":108,"column":2},"end":{"line":108,"column":32}},"type":"if","locations":[{"start":{"line":108,"column":2},"end":{"line":108,"column":32}},{"start":{},"end":{}}],"line":108}},"s":{"0":6,"1":6,"2":6,"3":6,"4":6,"5":6,"6":24,"7":33,"8":11,"9":22,"10":22,"11":22,"12":6,"13":6,"14":6,"15":6,"16":31,"17":31,"18":31,"19":0,"20":0,"21":31,"22":31,"23":6,"24":25,"25":43},"f":{"0":24,"1":33,"2":31,"3":31,"4":31,"5":0,"6":0,"7":31,"8":43},"b":{"0":[11,22],"1":[22,22,21],"2":[6,25]},"_coverageSchema":"1a1c01bbd47fc00a2c39e90264f33305004495a9","hash":"566c41471c77e729515f0f845f7affe3926e2077"}
,"D:\\test\\lab\\src\\screens\\CheckoutScreen.tsx": {"path":"D:\\test\\lab\\src\\screens\\CheckoutScreen.tsx","statementMap":{"0":{"start":{"line":19,"column":28},"end":{"line":19,"column":67}},"1":{"start":{"line":20,"column":36},"end":{"line":20,"column":83}},"2":{"start":{"line":21,"column":34},"end":{"line":21,"column":94}},"3":{"start":{"line":23,"column":18},"end":{"line":24,"column":81}},"4":{"start":{"line":24,"column":2},"end":{"line":24,"column":81}},"5":{"start":{"line":24,"column":22},"end":{"line":24,"column":80}},"6":{"start":{"line":24,"column":52},"end":{"line":24,"column":79}},"7":{"start":{"line":27,"column":17},"end":{"line":27,"column":36}},"8":{"start":{"line":28,"column":26},"end":{"line":28,"column":45}},"9":{"start":{"line":29,"column":34},"end":{"line":29,"column":57}},"10":{"start":{"line":30,"column":32},"end":{"line":30,"column":54}},"11":{"start":{"line":31,"column":30},"end":{"line":31,"column":76}},"12":{"start":{"line":32,"column":30},"end":{"line":32,"column":78}},"13":{"start":{"line":34,"column":17},"end":{"line":44,"column":3}},"14":{"start":{"line":35,"column":4},"end":{"line":39,"column":5}},"15":{"start":{"line":36,"column":6},"end":{"line":36,"column":20}},"16":{"start":{"line":37,"column":6},"end":{"line":37,"column":25}},"17":{"start":{"line":38,"column":6},"end":{"line":38,"column":13}},"18":{"start":{"line":41,"column":18},"end":{"line":41,"column":72}},"19":{"start":{"line":42,"column":4},"end":{"line":42,"column":21}},"20":{"start":{"line":43,"column":4},"end":{"line":43,"column":66}},"21":{"start":{"line":46,"column":2},"end":{"line":109,"column":4}},"22":{"start":{"line":64,"column":32},"end":{"line":64,"column":66}},"23":{"start":{"line":64,"column":48},"end":{"line":64,"column":64}},"24":{"start":{"line":69,"column":32},"end":{"line":69,"column":70}},"25":{"start":{"line":69,"column":52},"end":{"line":69,"column":68}},"26":{"start":{"line":74,"column":32},"end":{"line":74,"column":69}},"27":{"start":{"line":74,"column":51},"end":{"line":74,"column":67}},"28":{"start":{"line":101,"column":40},"end":{"line":101,"column":58}}},"fnMap":{"0":{"name":"(anonymous_0)","decl":{"start":{"line":23,"column":18},"end":{"line":23,"column":19}},"loc":{"start":{"line":24,"column":2},"end":{"line":24,"column":81}},"line":24},"1":{"name":"(anonymous_1)","decl":{"start":{"line":24,"column":15},"end":{"line":24,"column":16}},"loc":{"start":{"line":24,"column":22},"end":{"line":24,"column":80}},"line":24},"2":{"name":"(anonymous_2)","decl":{"start":{"line":24,"column":45},"end":{"line":24,"column":46}},"loc":{"start":{"line":24,"column":52},"end":{"line":24,"column":79}},"line":24},"3":{"name":"CheckoutScreen","decl":{"start":{"line":26,"column":16},"end":{"line":26,"column":30}},"loc":{"start":{"line":26,"column":33},"end":{"line":110,"column":1}},"line":26},"4":{"name":"(anonymous_4)","decl":{"start":{"line":34,"column":17},"end":{"line":34,"column":18}},"loc":{"start":{"line":34,"column":23},"end":{"line":44,"column":3}},"line":34},"5":{"name":"(anonymous_5)","decl":{"start":{"line":64,"column":22},"end":{"line":64,"column":23}},"loc":{"start":{"line":64,"column":32},"end":{"line":64,"column":66}},"line":64},"6":{"name":"(anonymous_6)","decl":{"start":{"line":64,"column":40},"end":{"line":64,"column":41}},"loc":{"start":{"line":64,"column":48},"end":{"line":64,"column":64}},"line":64},"7":{"name":"(anonymous_7)","decl":{"start":{"line":69,"column":22},"end":{"line":69,"column":23}},"loc":{"start":{"line":69,"column":32},"end":{"line":69,"column":70}},"line":69},"8":{"name":"(anonymous_8)","decl":{"start":{"line":69,"column":44},"end":{"line":69,"column":45}},"loc":{"start":{"line":69,"column":52},"end":{"line":69,"column":68}},"line":69},"9":{"name":"(anonymous_9)","decl":{"start":{"line":74,"column":22},"end":{"line":74,"column":23}},"loc":{"start":{"line":74,"column":32},"end":{"line":74,"column":69}},"line":74},"10":{"name":"(anonymous_10)","decl":{"start":{"line":74,"column":43},"end":{"line":74,"column":44}},"loc":{"start":{"line":74,"column":51},"end":{"line":74,"column":67}},"line":74},"11":{"name":"(anonymous_11)","decl":{"start":{"line":101,"column":34},"end":{"line":101,"column":35}},"loc":{"start":{"line":101,"column":40},"end":{"line":101,"column":58}},"line":101}},"branchMap":{"0":{"loc":{"start":{"line":35,"column":4},"end":{"line":39,"column":5}},"type":"if","locations":[{"start":{"line":35,"column":4},"end":{"line":39,"column":5}},{"start":{},"end":{}}],"line":35},"1":{"loc":{"start":{"line":43,"column":14},"end":{"line":43,"column":64}},"type":"cond-expr","locations":[{"start":{"line":43,"column":46},"end":{"line":43,"column":52}},{"start":{"line":43,"column":55},"end":{"line":43,"column":64}}],"line":43},"2":{"loc":{"start":{"line":50,"column":18},"end":{"line":50,"column":62}},"type":"cond-expr","locations":[{"start":{"line":50,"column":42},"end":{"line":50,"column":51}},{"start":{"line":50,"column":54},"end":{"line":50,"column":62}}],"line":50},"3":{"loc":{"start":{"line":51,"column":32},"end":{"line":51,"column":62}},"type":"cond-expr","locations":[{"start":{"line":51,"column":56},"end":{"line":51,"column":57}},{"start":{"line":51,"column":60},"end":{"line":51,"column":62}}],"line":51},"4":{"loc":{"start":{"line":77,"column":11},"end":{"line":81,"column":11}},"type":"binary-expr","locations":[{"start":{"line":77,"column":11},"end":{"line":77,"column":29}},{"start":{"line":78,"column":12},"end":{"line":80,"column":19}}],"line":77},"5":{"loc":{"start":{"line":82,"column":11},"end":{"line":86,"column":11}},"type":"binary-expr","locations":[{"start":{"line":82,"column":11},"end":{"line":82,"column":31}},{"start":{"line":83,"column":12},"end":{"line":85,"column":19}}],"line":82},"6":{"loc":{"start":{"line":98,"column":9},"end":{"line":106,"column":9}},"type":"binary-expr","locations":[{"start":{"line":98,"column":9},"end":{"line":98,"column":30}},{"start":{"line":99,"column":10},"end":{"line":105,"column":31}}],"line":98}},"s":{"0":1,"1":1,"2":1,"3":1,"4":5,"5":13,"6":41,"7":40,"8":40,"9":40,"10":40,"11":40,"12":40,"13":40,"14":5,"15":1,"16":1,"17":1,"18":4,"19":4,"20":4,"21":40,"22":10,"23":10,"24":9,"25":9,"26":12,"27":12,"28":0},"f":{"0":5,"1":13,"2":41,"3":40,"4":5,"5":10,"6":10,"7":9,"8":9,"9":12,"10":12,"11":0},"b":{"0":[1,4],"1":[2,2],"2":[40,0],"3":[40,0],"4":[40,1],"5":[40,2],"6":[40,40]},"_coverageSchema":"1a1c01bbd47fc00a2c39e90264f33305004495a9","hash":"81f73e296c912865046667424709a08b195e7217"}
,"D:\\test\\lab\\src\\screens\\CreateTaskScreen.tsx": {"path":"D:\\test\\lab\\src\\screens\\CreateTaskScreen.tsx","statementMap":{"0":{"start":{"line":10,"column":58},"end":{"line":14,"column":1}},"1":{"start":{"line":17,"column":60},"end":{"line":17,"column":75}},"2":{"start":{"line":18,"column":17},"end":{"line":18,"column":36}},"3":{"start":{"line":19,"column":44},"end":{"line":19,"column":73}},"4":{"start":{"line":20,"column":30},"end":{"line":20,"column":59}},"5":{"start":{"line":22,"column":22},"end":{"line":22,"column":63}},"6":{"start":{"line":22,"column":40},"end":{"line":22,"column":62}},"7":{"start":{"line":23,"column":23},"end":{"line":23,"column":57}},"8":{"start":{"line":25,"column":2},"end":{"line":66,"column":4}},"9":{"start":{"line":39,"column":25},"end":{"line":39,"column":43}},"10":{"start":{"line":40,"column":10},"end":{"line":52,"column":12}},"11":{"start":{"line":43,"column":29},"end":{"line":43,"column":47}},"12":{"start":{"line":59,"column":24},"end":{"line":59,"column":46}},"13":{"start":{"line":61,"column":10},"end":{"line":61,"column":55}},"14":{"start":{"line":61,"column":29},"end":{"line":61,"column":55}},"15":{"start":{"line":62,"column":10},"end":{"line":62,"column":33}}},"fnMap":{"0":{"name":"CreateTaskScreen","decl":{"start":{"line":16,"column":16},"end":{"line":16,"column":32}},"loc":{"start":{"line":16,"column":35},"end":{"line":67,"column":1}},"line":16},"1":{"name":"(anonymous_1)","decl":{"start":{"line":22,"column":33},"end":{"line":22,"column":34}},"loc":{"start":{"line":22,"column":40},"end":{"line":22,"column":62}},"line":22},"2":{"name":"(anonymous_2)","decl":{"start":{"line":38,"column":21},"end":{"line":38,"column":22}},"loc":{"start":{"line":38,"column":28},"end":{"line":53,"column":9}},"line":38},"3":{"name":"(anonymous_3)","decl":{"start":{"line":43,"column":23},"end":{"line":43,"column":24}},"loc":{"start":{"line":43,"column":29},"end":{"line":43,"column":47}},"line":43},"4":{"name":"(anonymous_4)","decl":{"start":{"line":59,"column":18},"end":{"line":59,"column":19}},"loc":{"start":{"line":59,"column":24},"end":{"line":59,"column":46}},"line":59},"5":{"name":"(anonymous_5)","decl":{"start":{"line":60,"column":19},"end":{"line":60,"column":20}},"loc":{"start":{"line":60,"column":25},"end":{"line":63,"column":9}},"line":60}},"branchMap":{"0":{"loc":{"start":{"line":32,"column":7},"end":{"line":36,"column":7}},"type":"binary-expr","locations":[{"start":{"line":32,"column":7},"end":{"line":32,"column":27}},{"start":{"line":33,"column":8},"end":{"line":35,"column":15}}],"line":32},"1":{"loc":{"start":{"line":46,"column":51},"end":{"line":46,"column":89}},"type":"cond-expr","locations":[{"start":{"line":46,"column":60},"end":{"line":46,"column":73}},{"start":{"line":46,"column":76},"end":{"line":46,"column":89}}],"line":46},"2":{"loc":{"start":{"line":48,"column":54},"end":{"line":48,"column":93}},"type":"cond-expr","locations":[{"start":{"line":48,"column":63},"end":{"line":48,"column":75}},{"start":{"line":48,"column":78},"end":{"line":48,"column":93}}],"line":48},"3":{"loc":{"start":{"line":61,"column":10},"end":{"line":61,"column":55}},"type":"if","locations":[{"start":{"line":61,"column":10},"end":{"line":61,"column":55}},{"start":{},"end":{}}],"line":61}},"s":{"0":1,"1":5,"2":5,"3":5,"4":5,"5":5,"6":4,"7":5,"8":5,"9":15,"10":15,"11":0,"12":0,"13":0,"14":0,"15":0},"f":{"0":5,"1":4,"2":15,"3":0,"4":0,"5":0},"b":{"0":[5,2],"1":[5,10],"2":[5,10],"3":[0,0]},"_coverageSchema":"1a1c01bbd47fc00a2c39e90264f33305004495a9","hash":"16a82866d50f502fa589c198aba7555907374d71"}
,"D:\\test\\lab\\src\\screens\\CreateTechnicalSupportScreen.tsx": {"path":"D:\\test\\lab\\src\\screens\\CreateTechnicalSupportScreen.tsx","statementMap":{"0":{"start":{"line":14,"column":74},"end":{"line":20,"column":1}},"1":{"start":{"line":23,"column":61},"end":{"line":23,"column":88}},"2":{"start":{"line":24,"column":17},"end":{"line":24,"column":36}},"3":{"start":{"line":25,"column":30},"end":{"line":25,"column":75}},"4":{"start":{"line":26,"column":44},"end":{"line":26,"column":73}},"5":{"start":{"line":28,"column":26},"end":{"line":28,"column":74}},"6":{"start":{"line":29,"column":25},"end":{"line":29,"column":81}},"7":{"start":{"line":29,"column":52},"end":{"line":29,"column":80}},"8":{"start":{"line":31,"column":2},"end":{"line":129,"column":4}},"9":{"start":{"line":73,"column":27},"end":{"line":73,"column":45}},"10":{"start":{"line":74,"column":12},"end":{"line":92,"column":14}},"11":{"start":{"line":78,"column":31},"end":{"line":78,"column":49}},"12":{"start":{"line":110,"column":24},"end":{"line":110,"column":46}},"13":{"start":{"line":112,"column":10},"end":{"line":114,"column":11}},"14":{"start":{"line":113,"column":12},"end":{"line":113,"column":46}},"15":{"start":{"line":115,"column":10},"end":{"line":115,"column":33}},"16":{"start":{"line":122,"column":38},"end":{"line":122,"column":56}}},"fnMap":{"0":{"name":"CreateTechnicalSupportScreen","decl":{"start":{"line":22,"column":16},"end":{"line":22,"column":44}},"loc":{"start":{"line":22,"column":47},"end":{"line":130,"column":1}},"line":22},"1":{"name":"(anonymous_1)","decl":{"start":{"line":29,"column":39},"end":{"line":29,"column":40}},"loc":{"start":{"line":29,"column":52},"end":{"line":29,"column":80}},"line":29},"2":{"name":"(anonymous_2)","decl":{"start":{"line":72,"column":23},"end":{"line":72,"column":24}},"loc":{"start":{"line":72,"column":30},"end":{"line":93,"column":11}},"line":72},"3":{"name":"(anonymous_3)","decl":{"start":{"line":78,"column":25},"end":{"line":78,"column":26}},"loc":{"start":{"line":78,"column":31},"end":{"line":78,"column":49}},"line":78},"4":{"name":"(anonymous_4)","decl":{"start":{"line":110,"column":18},"end":{"line":110,"column":19}},"loc":{"start":{"line":110,"column":24},"end":{"line":110,"column":46}},"line":110},"5":{"name":"(anonymous_5)","decl":{"start":{"line":111,"column":19},"end":{"line":111,"column":20}},"loc":{"start":{"line":111,"column":25},"end":{"line":116,"column":9}},"line":111},"6":{"name":"(anonymous_6)","decl":{"start":{"line":122,"column":32},"end":{"line":122,"column":33}},"loc":{"start":{"line":122,"column":38},"end":{"line":122,"column":56}},"line":122}},"branchMap":{"0":{"loc":{"start":{"line":50,"column":9},"end":{"line":57,"column":9}},"type":"binary-expr","locations":[{"start":{"line":50,"column":9},"end":{"line":50,"column":29}},{"start":{"line":51,"column":10},"end":{"line":56,"column":17}}],"line":50},"1":{"loc":{"start":{"line":58,"column":9},"end":{"line":65,"column":9}},"type":"binary-expr","locations":[{"start":{"line":58,"column":9},"end":{"line":58,"column":27}},{"start":{"line":58,"column":31},"end":{"line":58,"column":36}},{"start":{"line":59,"column":10},"end":{"line":64,"column":17}}],"line":58},"2":{"loc":{"start":{"line":83,"column":18},"end":{"line":83,"column":60}},"type":"cond-expr","locations":[{"start":{"line":83,"column":27},"end":{"line":83,"column":42}},{"start":{"line":83,"column":45},"end":{"line":83,"column":60}}],"line":83},"3":{"loc":{"start":{"line":87,"column":52},"end":{"line":87,"column":93}},"type":"cond-expr","locations":[{"start":{"line":87,"column":61},"end":{"line":87,"column":73}},{"start":{"line":87,"column":76},"end":{"line":87,"column":93}}],"line":87},"4":{"loc":{"start":{"line":108,"column":10},"end":{"line":108,"column":76}},"type":"cond-expr","locations":[{"start":{"line":108,"column":27},"end":{"line":108,"column":57}},{"start":{"line":108,"column":60},"end":{"line":108,"column":76}}],"line":108},"5":{"loc":{"start":{"line":112,"column":10},"end":{"line":114,"column":11}},"type":"if","locations":[{"start":{"line":112,"column":10},"end":{"line":114,"column":11}},{"start":{},"end":{}}],"line":112},"6":{"loc":{"start":{"line":119,"column":7},"end":{"line":127,"column":7}},"type":"binary-expr","locations":[{"start":{"line":119,"column":7},"end":{"line":119,"column":28}},{"start":{"line":120,"column":8},"end":{"line":126,"column":29}}],"line":119}},"s":{"0":2,"1":23,"2":23,"3":23,"4":23,"5":23,"6":23,"7":4,"8":23,"9":115,"10":115,"11":0,"12":0,"13":1,"14":1,"15":1,"16":0},"f":{"0":23,"1":4,"2":115,"3":0,"4":0,"5":1,"6":0},"b":{"0":[23,4],"1":[23,0,0],"2":[23,92],"3":[23,92],"4":[1,22],"5":[1,0],"6":[23,23]},"_coverageSchema":"1a1c01bbd47fc00a2c39e90264f33305004495a9","hash":"1feae2e19b26e6dce1638913ef7e62f5259b326b"}
,"D:\\test\\lab\\src\\screens\\HomeScreen.tsx": {"path":"D:\\test\\lab\\src\\screens\\HomeScreen.tsx","statementMap":{"0":{"start":{"line":6,"column":92},"end":{"line":25,"column":1}},"1":{"start":{"line":28,"column":17},"end":{"line":28,"column":36}},"2":{"start":{"line":30,"column":2},"end":{"line":49,"column":4}},"3":{"start":{"line":37,"column":8},"end":{"line":46,"column":15}}},"fnMap":{"0":{"name":"HomeScreen","decl":{"start":{"line":27,"column":16},"end":{"line":27,"column":26}},"loc":{"start":{"line":27,"column":29},"end":{"line":50,"column":1}},"line":27},"1":{"name":"(anonymous_1)","decl":{"start":{"line":36,"column":19},"end":{"line":36,"column":20}},"loc":{"start":{"line":37,"column":8},"end":{"line":46,"column":15}},"line":37}},"branchMap":{},"s":{"0":0,"1":0,"2":0,"3":0},"f":{"0":0,"1":0},"b":{}}
,"D:\\test\\lab\\src\\services\\taskService.ts": {"path":"D:\\test\\lab\\src\\services\\taskService.ts","statementMap":{"0":{"start":{"line":3,"column":16},"end":{"line":3,"column":45}},"1":{"start":{"line":6,"column":14},"end":{"line":6,"column":45}},"2":{"start":{"line":7,"column":2},"end":{"line":7,"column":62}},"3":{"start":{"line":7,"column":15},"end":{"line":7,"column":62}},"4":{"start":{"line":8,"column":2},"end":{"line":8,"column":20}},"5":{"start":{"line":12,"column":14},"end":{"line":16,"column":4}},"6":{"start":{"line":17,"column":2},"end":{"line":17,"column":58}},"7":{"start":{"line":17,"column":15},"end":{"line":17,"column":58}},"8":{"start":{"line":18,"column":2},"end":{"line":18,"column":20}}},"fnMap":{"0":{"name":"fetchTasks","decl":{"start":{"line":5,"column":22},"end":{"line":5,"column":32}},"loc":{"start":{"line":5,"column":52},"end":{"line":9,"column":1}},"line":5},"1":{"name":"createTask","decl":{"start":{"line":11,"column":22},"end":{"line":11,"column":32}},"loc":{"start":{"line":11,"column":63},"end":{"line":19,"column":1}},"line":11}},"branchMap":{"0":{"loc":{"start":{"line":7,"column":2},"end":{"line":7,"column":62}},"type":"if","locations":[{"start":{"line":7,"column":2},"end":{"line":7,"column":62}},{"start":{},"end":{}}],"line":7},"1":{"loc":{"start":{"line":17,"column":2},"end":{"line":17,"column":58}},"type":"if","locations":[{"start":{"line":17,"column":2},"end":{"line":17,"column":58}},{"start":{},"end":{}}],"line":17}},"s":{"0":1,"1":2,"2":2,"3":1,"4":1,"5":3,"6":3,"7":1,"8":2},"f":{"0":2,"1":3},"b":{"0":[1,1],"1":[1,2]},"_coverageSchema":"1a1c01bbd47fc00a2c39e90264f33305004495a9","hash":"a154aca79236545477687e27d8586843650385e1"}
,"D:\\test\\lab\\src\\services\\technicalSupportService.ts": {"path":"D:\\test\\lab\\src\\services\\technicalSupportService.ts","statementMap":{"0":{"start":{"line":3,"column":16},"end":{"line":3,"column":45}},"1":{"start":{"line":6,"column":14},"end":{"line":6,"column":58}},"2":{"start":{"line":7,"column":2},"end":{"line":7,"column":86}},"3":{"start":{"line":7,"column":15},"end":{"line":7,"column":86}},"4":{"start":{"line":8,"column":2},"end":{"line":8,"column":20}},"5":{"start":{"line":14,"column":14},"end":{"line":18,"column":4}},"6":{"start":{"line":19,"column":2},"end":{"line":19,"column":81}},"7":{"start":{"line":19,"column":15},"end":{"line":19,"column":81}},"8":{"start":{"line":20,"column":2},"end":{"line":20,"column":20}}},"fnMap":{"0":{"name":"fetchTechnicalSupports","decl":{"start":{"line":5,"column":22},"end":{"line":5,"column":44}},"loc":{"start":{"line":5,"column":76},"end":{"line":9,"column":1}},"line":5},"1":{"name":"createTechnicalSupport","decl":{"start":{"line":11,"column":22},"end":{"line":11,"column":44}},"loc":{"start":{"line":13,"column":29},"end":{"line":21,"column":1}},"line":13}},"branchMap":{"0":{"loc":{"start":{"line":7,"column":2},"end":{"line":7,"column":86}},"type":"if","locations":[{"start":{"line":7,"column":2},"end":{"line":7,"column":86}},{"start":{},"end":{}}],"line":7},"1":{"loc":{"start":{"line":19,"column":2},"end":{"line":19,"column":81}},"type":"if","locations":[{"start":{"line":19,"column":2},"end":{"line":19,"column":81}},{"start":{},"end":{}}],"line":19}},"s":{"0":1,"1":2,"2":2,"3":1,"4":1,"5":3,"6":3,"7":1,"8":2},"f":{"0":2,"1":3},"b":{"0":[1,1],"1":[1,2]},"_coverageSchema":"1a1c01bbd47fc00a2c39e90264f33305004495a9","hash":"19cb6734eb2b4bccbc1ebfaf28eec8aa1cd8d6db"}
,"D:\\test\\lab\\src\\utils\\filterTasks.ts": {"path":"D:\\test\\lab\\src\\utils\\filterTasks.ts","statementMap":{"0":{"start":{"line":5,"column":30},"end":{"line":5,"column":73}},"1":{"start":{"line":8,"column":2},"end":{"line":10,"column":3}},"2":{"start":{"line":9,"column":4},"end":{"line":9,"column":50}},"3":{"start":{"line":11,"column":2},"end":{"line":11,"column":37}},"4":{"start":{"line":11,"column":24},"end":{"line":11,"column":37}},"5":{"start":{"line":12,"column":2},"end":{"line":12,"column":50}},"6":{"start":{"line":12,"column":29},"end":{"line":12,"column":48}}},"fnMap":{"0":{"name":"filterTasksByStatus","decl":{"start":{"line":7,"column":16},"end":{"line":7,"column":35}},"loc":{"start":{"line":7,"column":81},"end":{"line":13,"column":1}},"line":7},"1":{"name":"(anonymous_1)","decl":{"start":{"line":12,"column":22},"end":{"line":12,"column":23}},"loc":{"start":{"line":12,"column":29},"end":{"line":12,"column":48}},"line":12}},"branchMap":{"0":{"loc":{"start":{"line":8,"column":2},"end":{"line":10,"column":3}},"type":"if","locations":[{"start":{"line":8,"column":2},"end":{"line":10,"column":3}},{"start":{},"end":{}}],"line":8},"1":{"loc":{"start":{"line":11,"column":2},"end":{"line":11,"column":37}},"type":"if","locations":[{"start":{"line":11,"column":2},"end":{"line":11,"column":37}},{"start":{},"end":{}}],"line":11}},"s":{"0":2,"1":9,"2":1,"3":8,"4":6,"5":2,"6":8},"f":{"0":9,"1":8},"b":{"0":[1,8],"1":[6,2]},"_coverageSchema":"1a1c01bbd47fc00a2c39e90264f33305004495a9","hash":"dedc1d736c0a05d5397678b2a76d1c1237447f1a"}
,"D:\\test\\lab\\src\\utils\\filterTechnicalSupport.ts": {"path":"D:\\test\\lab\\src\\utils\\filterTechnicalSupport.ts","statementMap":{"0":{"start":{"line":5,"column":46},"end":{"line":11,"column":1}},"1":{"start":{"line":17,"column":2},"end":{"line":19,"column":3}},"2":{"start":{"line":18,"column":4},"end":{"line":18,"column":50}},"3":{"start":{"line":20,"column":2},"end":{"line":20,"column":40}},"4":{"start":{"line":20,"column":24},"end":{"line":20,"column":40}},"5":{"start":{"line":21,"column":2},"end":{"line":21,"column":53}},"6":{"start":{"line":21,"column":32},"end":{"line":21,"column":51}}},"fnMap":{"0":{"name":"filterTechnicalSupportByStatus","decl":{"start":{"line":13,"column":16},"end":{"line":13,"column":46}},"loc":{"start":{"line":16,"column":22},"end":{"line":22,"column":1}},"line":16},"1":{"name":"(anonymous_1)","decl":{"start":{"line":21,"column":25},"end":{"line":21,"column":26}},"loc":{"start":{"line":21,"column":32},"end":{"line":21,"column":51}},"line":21}},"branchMap":{"0":{"loc":{"start":{"line":17,"column":2},"end":{"line":19,"column":3}},"type":"if","locations":[{"start":{"line":17,"column":2},"end":{"line":19,"column":3}},{"start":{},"end":{}}],"line":17},"1":{"loc":{"start":{"line":20,"column":2},"end":{"line":20,"column":40}},"type":"if","locations":[{"start":{"line":20,"column":2},"end":{"line":20,"column":40}},{"start":{},"end":{}}],"line":20}},"s":{"0":3,"1":27,"2":1,"3":26,"4":24,"5":2,"6":5},"f":{"0":27,"1":5},"b":{"0":[1,26],"1":[24,2]},"_coverageSchema":"1a1c01bbd47fc00a2c39e90264f33305004495a9","hash":"aa0a3253dfc732c3b928d2dbcc6ea9131ea64460"}
,"D:\\test\\lab\\src\\utils\\validateTask.ts": {"path":"D:\\test\\lab\\src\\utils\\validateTask.ts","statementMap":{"0":{"start":{"line":2,"column":2},"end":{"line":4,"column":3}},"1":{"start":{"line":3,"column":4},"end":{"line":3,"column":38}},"2":{"start":{"line":5,"column":2},"end":{"line":7,"column":3}},"3":{"start":{"line":6,"column":4},"end":{"line":6,"column":56}},"4":{"start":{"line":8,"column":2},"end":{"line":10,"column":3}},"5":{"start":{"line":9,"column":4},"end":{"line":9,"column":59}},"6":{"start":{"line":11,"column":2},"end":{"line":11,"column":14}}},"fnMap":{"0":{"name":"validateTaskTitle","decl":{"start":{"line":1,"column":16},"end":{"line":1,"column":33}},"loc":{"start":{"line":1,"column":64},"end":{"line":12,"column":1}},"line":1}},"branchMap":{"0":{"loc":{"start":{"line":2,"column":2},"end":{"line":4,"column":3}},"type":"if","locations":[{"start":{"line":2,"column":2},"end":{"line":4,"column":3}},{"start":{},"end":{}}],"line":2},"1":{"loc":{"start":{"line":2,"column":6},"end":{"line":2,"column":41}},"type":"binary-expr","locations":[{"start":{"line":2,"column":6},"end":{"line":2,"column":12}},{"start":{"line":2,"column":16},"end":{"line":2,"column":41}}],"line":2},"2":{"loc":{"start":{"line":5,"column":2},"end":{"line":7,"column":3}},"type":"if","locations":[{"start":{"line":5,"column":2},"end":{"line":7,"column":3}},{"start":{},"end":{}}],"line":5},"3":{"loc":{"start":{"line":8,"column":2},"end":{"line":10,"column":3}},"type":"if","locations":[{"start":{"line":8,"column":2},"end":{"line":10,"column":3}},{"start":{},"end":{}}],"line":8}},"s":{"0":7,"1":2,"2":5,"3":1,"4":4,"5":1,"6":3},"f":{"0":7},"b":{"0":[2,5],"1":[7,6],"2":[1,4],"3":[1,3]},"_coverageSchema":"1a1c01bbd47fc00a2c39e90264f33305004495a9","hash":"4492b7888c7df20059073e0a374057165676f5cb"}
}
