{"total": {"lines":{"total":280,"covered":259,"skipped":0,"pct":92.5},"statements":{"total":320,"covered":297,"skipped":0,"pct":92.81},"functions":{"total":128,"covered":109,"skipped":0,"pct":85.15},"branches":{"total":161,"covered":136,"skipped":0,"pct":84.47},"branchesTrue":{"total":0,"covered":0,"skipped":0,"pct":100}}
,"D:\\test\\lab\\src\\types.ts": {"lines":{"total":0,"covered":0,"skipped":0,"pct":0},"functions":{"total":0,"covered":0,"skipped":0,"pct":0},"statements":{"total":0,"covered":0,"skipped":0,"pct":0},"branches":{"total":0,"covered":0,"skipped":0,"pct":0}}
,"D:\\test\\lab\\src\\components\\ConfirmDeleteDialog.tsx": {"lines":{"total":2,"covered":2,"skipped":0,"pct":100},"functions":{"total":1,"covered":1,"skipped":0,"pct":100},"statements":{"total":2,"covered":2,"skipped":0,"pct":100},"branches":{"total":6,"covered":6,"skipped":0,"pct":100}}
,"D:\\test\\lab\\src\\components\\LabeledInput.tsx": {"lines":{"total":2,"covered":2,"skipped":0,"pct":100},"functions":{"total":1,"covered":1,"skipped":0,"pct":100},"statements":{"total":2,"covered":2,"skipped":0,"pct":100},"branches":{"total":6,"covered":5,"skipped":0,"pct":83.33}}
,"D:\\test\\lab\\src\\components\\PaymentInfoSection.tsx": {"lines":{"total":5,"covered":5,"skipped":0,"pct":100},"functions":{"total":5,"covered":5,"skipped":0,"pct":100},"statements":{"total":5,"covered":5,"skipped":0,"pct":100},"branches":{"total":1,"covered":0,"skipped":0,"pct":0}}
,"D:\\test\\lab\\src\\components\\ShippingInfoSection.tsx": {"lines":{"total":4,"covered":4,"skipped":0,"pct":100},"functions":{"total":4,"covered":4,"skipped":0,"pct":100},"statements":{"total":4,"covered":4,"skipped":0,"pct":100},"branches":{"total":1,"covered":0,"skipped":0,"pct":0}}
,"D:\\test\\lab\\src\\components\\StatusBadge.tsx": {"lines":{"total":3,"covered":3,"skipped":0,"pct":100},"functions":{"total":1,"covered":1,"skipped":0,"pct":100},"statements":{"total":3,"covered":3,"skipped":0,"pct":100},"branches":{"total":4,"covered":4,"skipped":0,"pct":100}}
,"D:\\test\\lab\\src\\components\\TaskCard.tsx": {"lines":{"total":4,"covered":3,"skipped":0,"pct":75},"functions":{"total":4,"covered":2,"skipped":0,"pct":50},"statements":{"total":4,"covered":3,"skipped":0,"pct":75},"branches":{"total":7,"covered":7,"skipped":0,"pct":100}}
,"D:\\test\\lab\\src\\components\\TaskForm.tsx": {"lines":{"total":6,"covered":6,"skipped":0,"pct":100},"functions":{"total":2,"covered":2,"skipped":0,"pct":100},"statements":{"total":7,"covered":7,"skipped":0,"pct":100},"branches":{"total":2,"covered":2,"skipped":0,"pct":100}}
,"D:\\test\\lab\\src\\components\\TaskList.tsx": {"lines":{"total":5,"covered":5,"skipped":0,"pct":100},"functions":{"total":5,"covered":3,"skipped":0,"pct":60},"statements":{"total":5,"covered":5,"skipped":0,"pct":100},"branches":{"total":6,"covered":6,"skipped":0,"pct":100}}
,"D:\\test\\lab\\src\\components\\TechnicalSupportCard.tsx": {"lines":{"total":6,"covered":6,"skipped":0,"pct":100},"functions":{"total":4,"covered":3,"skipped":0,"pct":75},"statements":{"total":7,"covered":7,"skipped":0,"pct":100},"branches":{"total":5,"covered":2,"skipped":0,"pct":40}}
,"D:\\test\\lab\\src\\components\\TechnicalSupportForm.tsx": {"lines":{"total":28,"covered":28,"skipped":0,"pct":100},"functions":{"total":14,"covered":14,"skipped":0,"pct":100},"statements":{"total":32,"covered":31,"skipped":0,"pct":96.87},"branches":{"total":23,"covered":18,"skipped":0,"pct":78.26}}
,"D:\\test\\lab\\src\\components\\TechnicalSupportList.tsx": {"lines":{"total":3,"covered":3,"skipped":0,"pct":100},"functions":{"total":3,"covered":2,"skipped":0,"pct":66.66},"statements":{"total":3,"covered":3,"skipped":0,"pct":100},"branches":{"total":7,"covered":7,"skipped":0,"pct":100}}
,"D:\\test\\lab\\src\\components\\UserInfoSection.tsx": {"lines":{"total":4,"covered":4,"skipped":0,"pct":100},"functions":{"total":4,"covered":4,"skipped":0,"pct":100},"statements":{"total":4,"covered":4,"skipped":0,"pct":100},"branches":{"total":1,"covered":0,"skipped":0,"pct":0}}
,"D:\\test\\lab\\src\\hooks\\useCounter.ts": {"lines":{"total":5,"covered":5,"skipped":0,"pct":100},"functions":{"total":6,"covered":6,"skipped":0,"pct":100},"statements":{"total":10,"covered":10,"skipped":0,"pct":100},"branches":{"total":1,"covered":1,"skipped":0,"pct":100}}
,"D:\\test\\lab\\src\\hooks\\useCreateTask.ts": {"lines":{"total":22,"covered":22,"skipped":0,"pct":100},"functions":{"total":15,"covered":13,"skipped":0,"pct":86.66},"statements":{"total":27,"covered":27,"skipped":0,"pct":100},"branches":{"total":8,"covered":7,"skipped":0,"pct":87.5}}
,"D:\\test\\lab\\src\\hooks\\useCreateTechnicalSupport.ts": {"lines":{"total":46,"covered":40,"skipped":0,"pct":86.95},"functions":{"total":6,"covered":6,"skipped":0,"pct":100},"statements":{"total":47,"covered":41,"skipped":0,"pct":87.23},"branches":{"total":10,"covered":5,"skipped":0,"pct":50}}
,"D:\\test\\lab\\src\\hooks\\useTaskList.ts": {"lines":{"total":13,"covered":13,"skipped":0,"pct":100},"functions":{"total":6,"covered":6,"skipped":0,"pct":100},"statements":{"total":16,"covered":16,"skipped":0,"pct":100},"branches":{"total":3,"covered":3,"skipped":0,"pct":100}}
,"D:\\test\\lab\\src\\schemas\\checkoutSchema.ts": {"lines":{"total":8,"covered":8,"skipped":0,"pct":100},"functions":{"total":2,"covered":2,"skipped":0,"pct":100},"statements":{"total":9,"covered":9,"skipped":0,"pct":100},"branches":{"total":2,"covered":2,"skipped":0,"pct":100}}
,"D:\\test\\lab\\src\\schemas\\taskSchema.ts": {"lines":{"total":2,"covered":2,"skipped":0,"pct":100},"functions":{"total":0,"covered":0,"skipped":0,"pct":100},"statements":{"total":2,"covered":2,"skipped":0,"pct":100},"branches":{"total":0,"covered":0,"skipped":0,"pct":100}}
,"D:\\test\\lab\\src\\schemas\\technicalSupportSchema.ts": {"lines":{"total":23,"covered":21,"skipped":0,"pct":91.3},"functions":{"total":9,"covered":7,"skipped":0,"pct":77.77},"statements":{"total":26,"covered":24,"skipped":0,"pct":92.3},"branches":{"total":7,"covered":7,"skipped":0,"pct":100}}
,"D:\\test\\lab\\src\\screens\\CheckoutScreen.tsx": {"lines":{"total":24,"covered":23,"skipped":0,"pct":95.83},"functions":{"total":12,"covered":11,"skipped":0,"pct":91.66},"statements":{"total":29,"covered":28,"skipped":0,"pct":96.55},"branches":{"total":14,"covered":12,"skipped":0,"pct":85.71}}
,"D:\\test\\lab\\src\\screens\\CreateTaskScreen.tsx": {"lines":{"total":14,"covered":10,"skipped":0,"pct":71.42},"functions":{"total":6,"covered":3,"skipped":0,"pct":50},"statements":{"total":16,"covered":11,"skipped":0,"pct":68.75},"branches":{"total":8,"covered":6,"skipped":0,"pct":75}}
,"D:\\test\\lab\\src\\screens\\CreateTechnicalSupportScreen.tsx": {"lines":{"total":16,"covered":13,"skipped":0,"pct":81.25},"functions":{"total":7,"covered":4,"skipped":0,"pct":57.14},"statements":{"total":17,"covered":14,"skipped":0,"pct":82.35},"branches":{"total":15,"covered":12,"skipped":0,"pct":80}}
,"D:\\test\\lab\\src\\screens\\HomeScreen.tsx": {"lines":{"total":4,"covered":0,"skipped":0,"pct":0},"functions":{"total":2,"covered":0,"skipped":0,"pct":0},"statements":{"total":4,"covered":0,"skipped":0,"pct":0},"branches":{"total":0,"covered":0,"skipped":0,"pct":100}}
,"D:\\test\\lab\\src\\services\\taskService.ts": {"lines":{"total":7,"covered":7,"skipped":0,"pct":100},"functions":{"total":2,"covered":2,"skipped":0,"pct":100},"statements":{"total":9,"covered":9,"skipped":0,"pct":100},"branches":{"total":4,"covered":4,"skipped":0,"pct":100}}
,"D:\\test\\lab\\src\\services\\technicalSupportService.ts": {"lines":{"total":7,"covered":7,"skipped":0,"pct":100},"functions":{"total":2,"covered":2,"skipped":0,"pct":100},"statements":{"total":9,"covered":9,"skipped":0,"pct":100},"branches":{"total":4,"covered":4,"skipped":0,"pct":100}}
,"D:\\test\\lab\\src\\utils\\filterTasks.ts": {"lines":{"total":5,"covered":5,"skipped":0,"pct":100},"functions":{"total":2,"covered":2,"skipped":0,"pct":100},"statements":{"total":7,"covered":7,"skipped":0,"pct":100},"branches":{"total":4,"covered":4,"skipped":0,"pct":100}}
,"D:\\test\\lab\\src\\utils\\filterTechnicalSupport.ts": {"lines":{"total":5,"covered":5,"skipped":0,"pct":100},"functions":{"total":2,"covered":2,"skipped":0,"pct":100},"statements":{"total":7,"covered":7,"skipped":0,"pct":100},"branches":{"total":4,"covered":4,"skipped":0,"pct":100}}
,"D:\\test\\lab\\src\\utils\\validateTask.ts": {"lines":{"total":7,"covered":7,"skipped":0,"pct":100},"functions":{"total":1,"covered":1,"skipped":0,"pct":100},"statements":{"total":7,"covered":7,"skipped":0,"pct":100},"branches":{"total":8,"covered":8,"skipped":0,"pct":100}}
}
