TN:
SF:src\types.ts
FNF:0
FNH:0
LF:0
LH:0
BRF:0
BRH:0
end_of_record
TN:
SF:src\components\ConfirmDeleteDialog.tsx
FN:14,ConfirmDeleteDialog
FNF:1
FNH:1
FNDA:33,ConfirmDeleteDialog
DA:24,33
DA:27,33
LF:2
LH:2
BRDA:17,0,0,9
BRDA:19,1,0,33
BRDA:24,2,0,33
BRDA:24,2,1,9
BRDA:25,3,0,4
BRDA:25,3,1,5
BRF:6
BRH:6
end_of_record
TN:
SF:src\components\LabeledInput.tsx
FN:12,LabeledInput
FNF:1
FNH:1
FNDA:760,LabeledInput
DA:5,3
DA:13,760
LF:2
LH:2
BRDA:18,0,0,760
BRDA:18,0,1,0
BRDA:20,1,0,44
BRDA:20,1,1,716
BRDA:24,2,0,760
BRDA:24,2,1,44
BRF:6
BRH:5
end_of_record
TN:
SF:src\components\PaymentInfoSection.tsx
FN:18,PaymentInfoSection
FN:27,(anonymous_1)
FN:36,(anonymous_2)
FN:44,(anonymous_3)
FN:53,(anonymous_4)
FNF:5
FNH:5
FNDA:40,PaymentInfoSection
FNDA:3,(anonymous_1)
FNDA:3,(anonymous_2)
FNDA:3,(anonymous_3)
FNDA:3,(anonymous_4)
DA:19,40
DA:27,3
DA:36,3
DA:44,3
DA:53,3
LF:5
LH:5
BRDA:18,0,0,0
BRF:1
BRH:0
end_of_record
TN:
SF:src\components\ShippingInfoSection.tsx
FN:17,ShippingInfoSection
FN:26,(anonymous_1)
FN:33,(anonymous_2)
FN:42,(anonymous_3)
FNF:4
FNH:4
FNDA:40,ShippingInfoSection
FNDA:3,(anonymous_1)
FNDA:3,(anonymous_2)
FNDA:3,(anonymous_3)
DA:18,40
DA:26,3
DA:33,3
DA:42,3
LF:4
LH:4
BRDA:17,0,0,0
BRF:1
BRH:0
end_of_record
TN:
SF:src\components\StatusBadge.tsx
FN:4,StatusBadge
FNF:1
FNH:1
FNDA:2,StatusBadge
DA:5,2
DA:6,2
DA:8,2
LF:3
LH:3
BRDA:5,0,0,1
BRDA:5,0,1,1
BRDA:6,1,0,1
BRDA:6,1,1,1
BRF:4
BRH:4
end_of_record
TN:
SF:src\components\TaskCard.tsx
FN:11,TaskCard
FN:11,(anonymous_1)
FN:17,(anonymous_2)
FN:26,(anonymous_3)
FNF:4
FNH:2
FNDA:14,TaskCard
FNDA:0,(anonymous_1)
FNDA:0,(anonymous_2)
FNDA:1,(anonymous_3)
DA:12,14
DA:13,14
DA:17,0
DA:26,1
LF:4
LH:3
BRDA:11,0,0,7
BRDA:19,1,0,2
BRDA:19,1,1,12
BRDA:21,2,0,2
BRDA:21,2,1,12
BRDA:22,3,0,2
BRDA:22,3,1,12
BRF:7
BRH:7
end_of_record
TN:
SF:src\components\TaskForm.tsx
FN:8,TaskForm
FN:11,(anonymous_1)
FNF:2
FNH:2
FNDA:11,TaskForm
FNDA:4,(anonymous_1)
DA:9,11
DA:11,11
DA:12,4
DA:13,3
DA:14,3
DA:17,11
LF:6
LH:6
BRDA:12,0,0,1
BRDA:12,0,1,3
BRF:2
BRH:2
end_of_record
TN:
SF:src\components\TaskList.tsx
FN:12,TaskList
FN:12,(anonymous_1)
FN:12,(anonymous_2)
FN:26,(anonymous_3)
FN:27,(anonymous_4)
FNF:5
FNH:3
FNDA:8,TaskList
FNDA:0,(anonymous_1)
FNDA:0,(anonymous_2)
FNDA:12,(anonymous_3)
FNDA:7,(anonymous_4)
DA:13,8
DA:14,3
DA:17,5
DA:26,12
DA:27,7
LF:5
LH:5
BRDA:12,0,0,3
BRDA:12,1,0,3
BRDA:13,2,0,3
BRDA:13,2,1,5
BRDA:20,3,0,3
BRDA:20,3,1,2
BRF:6
BRH:6
end_of_record
TN:
SF:src\components\TechnicalSupportCard.tsx
FN:25,TechnicalSupportCard
FN:27,(anonymous_1)
FN:29,(anonymous_2)
FN:58,(anonymous_3)
FNF:4
FNH:3
FNDA:7,TechnicalSupportCard
FNDA:0,(anonymous_1)
FNDA:21,(anonymous_2)
FNDA:2,(anonymous_3)
DA:11,3
DA:18,3
DA:29,21
DA:30,7
DA:32,7
DA:58,2
LF:6
LH:6
BRDA:27,0,0,0
BRDA:51,1,0,7
BRDA:51,1,1,0
BRDA:52,2,0,7
BRDA:52,2,1,0
BRF:5
BRH:2
end_of_record
TN:
SF:src\components\TechnicalSupportForm.tsx
FN:30,formatMaxSolutionDate
FN:37,TechnicalSupportForm
FN:41,(anonymous_2)
FN:42,(anonymous_3)
FN:48,(anonymous_4)
FN:74,(anonymous_5)
FN:84,(anonymous_6)
FN:93,(anonymous_7)
FN:100,(anonymous_8)
FN:106,(anonymous_9)
FN:132,(anonymous_10)
FN:144,(anonymous_11)
FN:150,(anonymous_12)
FN:177,(anonymous_13)
FNF:14
FNH:14
FNDA:8,formatMaxSolutionDate
FNDA:72,TechnicalSupportForm
FNDA:42,(anonymous_2)
FNDA:42,(anonymous_3)
FNDA:10,(anonymous_4)
FNDA:6,(anonymous_5)
FNDA:6,(anonymous_6)
FNDA:6,(anonymous_7)
FNDA:576,(anonymous_8)
FNDA:5,(anonymous_9)
FNDA:6,(anonymous_10)
FNDA:216,(anonymous_11)
FNDA:5,(anonymous_12)
FNDA:8,(anonymous_13)
DA:20,2
DA:31,8
DA:32,8
DA:33,7
DA:34,7
DA:38,72
DA:39,72
DA:41,72
DA:42,42
DA:48,72
DA:49,10
DA:50,10
DA:51,10
DA:53,3
DA:62,3
DA:63,3
DA:66,72
DA:74,6
DA:84,6
DA:93,6
DA:101,576
DA:102,576
DA:106,5
DA:132,6
DA:145,216
DA:146,216
DA:150,5
DA:177,8
LF:28
LH:28
BRDA:32,0,0,1
BRDA:32,0,1,7
BRDA:33,1,0,0
BRDA:33,1,1,7
BRDA:37,2,0,0
BRDA:44,3,0,8
BRDA:44,3,1,34
BRDA:51,4,0,7
BRDA:51,4,1,3
BRDA:111,5,0,33
BRDA:111,5,1,543
BRDA:115,6,0,33
BRDA:115,6,1,543
BRDA:123,7,0,72
BRDA:123,7,1,0
BRDA:155,8,0,23
BRDA:155,8,1,193
BRDA:159,9,0,23
BRDA:159,9,1,193
BRDA:168,10,0,72
BRDA:168,10,1,0
BRDA:193,11,0,0
BRDA:193,11,1,72
BRF:23
BRH:18
end_of_record
TN:
SF:src\components\TechnicalSupportList.tsx
FN:13,TechnicalSupportList
FN:16,(anonymous_1)
FN:40,(anonymous_2)
FNF:3
FNH:2
FNDA:27,TechnicalSupportList
FNDA:0,(anonymous_1)
FNDA:7,(anonymous_2)
DA:18,27
DA:20,27
DA:41,7
LF:3
LH:3
BRDA:16,0,0,3
BRDA:18,1,0,27
BRDA:18,1,1,3
BRDA:27,2,0,6
BRDA:27,2,1,21
BRDA:31,3,0,20
BRDA:31,3,1,7
BRF:7
BRH:7
end_of_record
TN:
SF:src\components\UserInfoSection.tsx
FN:17,UserInfoSection
FN:27,(anonymous_1)
FN:37,(anonymous_2)
FN:46,(anonymous_3)
FNF:4
FNH:4
FNDA:40,UserInfoSection
FNDA:4,(anonymous_1)
FNDA:3,(anonymous_2)
FNDA:3,(anonymous_3)
DA:18,40
DA:27,4
DA:37,3
DA:46,3
LF:4
LH:4
BRDA:17,0,0,0
BRF:1
BRH:0
end_of_record
TN:
SF:src\hooks\useCounter.ts
FN:3,useCounter
FN:6,(anonymous_1)
FN:6,(anonymous_2)
FN:7,(anonymous_3)
FN:7,(anonymous_4)
FN:8,(anonymous_5)
FNF:6
FNH:6
FNDA:9,useCounter
FNDA:3,(anonymous_1)
FNDA:3,(anonymous_2)
FNDA:1,(anonymous_3)
FNDA:1,(anonymous_4)
FNDA:1,(anonymous_5)
DA:4,9
DA:6,9
DA:7,9
DA:8,9
DA:10,9
LF:5
LH:5
BRDA:3,0,0,3
BRF:1
BRH:1
end_of_record
TN:
SF:src\hooks\useCreateTask.ts
FN:7,useCreateTask
FN:12,(anonymous_1)
FN:14,(anonymous_2)
FN:17,(anonymous_3)
FN:18,(anonymous_4)
FN:23,(anonymous_5)
FN:26,(anonymous_6)
FN:29,(anonymous_7)
FN:36,(anonymous_8)
FN:40,(anonymous_9)
FN:41,(anonymous_10)
FN:41,(anonymous_11)
FN:44,(anonymous_12)
FN:45,(anonymous_13)
FN:46,(anonymous_14)
FNF:15
FNH:13
FNDA:23,useCreateTask
FNDA:9,(anonymous_1)
FNDA:9,(anonymous_2)
FNDA:0,(anonymous_3)
FNDA:9,(anonymous_4)
FNDA:23,(anonymous_5)
FNDA:0,(anonymous_6)
FNDA:6,(anonymous_7)
FNDA:6,(anonymous_8)
FNDA:1,(anonymous_9)
FNDA:1,(anonymous_10)
FNDA:1,(anonymous_11)
FNDA:3,(anonymous_12)
FNDA:3,(anonymous_13)
FNDA:3,(anonymous_14)
DA:5,2
DA:8,23
DA:9,23
DA:10,23
DA:12,23
DA:13,9
DA:15,9
DA:19,9
DA:23,23
DA:25,23
DA:26,14
DA:29,23
DA:30,6
DA:36,6
DA:37,6
DA:40,23
DA:41,1
DA:44,23
DA:45,3
DA:46,3
DA:47,3
DA:52,23
LF:22
LH:22
BRDA:15,0,0,4
BRDA:15,0,1,5
BRDA:25,1,0,9
BRDA:25,1,1,14
BRDA:47,2,0,3
BRDA:47,2,1,0
BRDA:47,3,0,1
BRDA:47,3,1,2
BRF:8
BRH:7
end_of_record
TN:
SF:src\hooks\useCreateTechnicalSupport.ts
FN:8,useCreateTechnicalSupport
FN:13,(anonymous_1)
FN:39,(anonymous_2)
FN:43,(anonymous_3)
FN:67,(anonymous_4)
FN:70,(anonymous_5)
FNF:6
FNH:6
FNDA:39,useCreateTechnicalSupport
FNDA:15,(anonymous_1)
FNDA:15,(anonymous_2)
FNDA:6,(anonymous_3)
FNDA:2,(anonymous_4)
FNDA:2,(anonymous_5)
DA:6,3
DA:9,39
DA:10,39
DA:11,39
DA:13,39
DA:14,15
DA:15,15
DA:16,15
DA:17,15
DA:18,12
DA:19,12
DA:20,12
DA:23,3
DA:24,3
DA:25,1
DA:28,2
DA:29,2
DA:32,1
DA:33,1
DA:34,1
DA:35,1
DA:39,39
DA:40,15
DA:43,39
DA:44,6
DA:45,6
DA:46,6
DA:48,6
DA:54,6
DA:56,6
DA:57,6
DA:58,6
DA:61,0
DA:62,0
DA:63,0
DA:67,39
DA:68,2
DA:69,2
DA:70,2
DA:71,2
DA:72,2
DA:73,2
DA:76,0
DA:77,0
DA:78,0
DA:82,39
LF:46
LH:40
BRDA:17,0,0,12
BRDA:17,0,1,3
BRDA:24,1,0,1
BRDA:24,1,1,2
BRDA:32,2,0,1
BRDA:32,2,1,0
BRDA:61,3,0,0
BRDA:61,3,1,0
BRDA:76,4,0,0
BRDA:76,4,1,0
BRF:10
BRH:5
end_of_record
TN:
SF:src\hooks\useTaskList.ts
FN:4,useTaskList
FN:8,(anonymous_1)
FN:19,(anonymous_2)
FN:22,(anonymous_3)
FN:23,(anonymous_4)
FN:23,(anonymous_5)
FNF:6
FNH:6
FNDA:10,useTaskList
FNDA:4,(anonymous_1)
FNDA:2,(anonymous_2)
FNDA:1,(anonymous_3)
FNDA:1,(anonymous_4)
FNDA:2,(anonymous_5)
DA:5,10
DA:6,10
DA:8,10
DA:9,4
DA:10,2
DA:11,2
DA:13,2
DA:14,2
DA:19,2
DA:22,10
DA:23,2
DA:26,10
DA:28,10
LF:13
LH:13
BRDA:4,0,0,8
BRDA:9,1,0,2
BRDA:9,1,1,2
BRF:3
BRH:3
end_of_record
TN:
SF:src\schemas\checkoutSchema.ts
FN:20,validateCheckout
FN:24,(anonymous_1)
FNF:2
FNH:2
FNDA:33,validateCheckout
FNDA:36,(anonymous_1)
DA:4,2
DA:5,2
DA:6,2
DA:8,2
DA:21,33
DA:22,33
DA:23,26
DA:24,36
LF:8
LH:8
BRDA:22,0,0,7
BRDA:22,0,1,26
BRF:2
BRH:2
end_of_record
TN:
SF:src\schemas\taskSchema.ts
FNF:0
FNH:0
DA:3,1
DA:10,1
LF:2
LH:2
BRF:0
BRH:0
end_of_record
TN:
SF:src\schemas\technicalSupportSchema.ts
FN:36,(anonymous_0)
FN:38,isValidIsoDate
FN:72,(anonymous_2)
FN:76,(anonymous_3)
FN:80,(anonymous_4)
FN:84,(anonymous_5)
FN:91,(anonymous_6)
FN:104,validateTechnicalSupport
FN:110,(anonymous_8)
FNF:9
FNH:7
FNDA:24,(anonymous_0)
FNDA:33,isValidIsoDate
FNDA:31,(anonymous_2)
FNDA:31,(anonymous_3)
FNDA:31,(anonymous_4)
FNDA:0,(anonymous_5)
FNDA:0,(anonymous_6)
FNDA:31,validateTechnicalSupport
FNDA:43,(anonymous_8)
DA:3,6
DA:14,6
DA:32,6
DA:33,6
DA:34,6
DA:36,24
DA:39,33
DA:41,22
DA:42,22
DA:44,22
DA:51,6
DA:55,6
DA:68,6
DA:70,6
DA:72,31
DA:76,31
DA:80,31
DA:84,0
DA:91,0
DA:107,31
DA:108,31
DA:109,25
DA:110,43
LF:23
LH:21
BRDA:39,0,0,11
BRDA:39,0,1,22
BRDA:45,1,0,22
BRDA:45,1,1,22
BRDA:45,1,2,21
BRDA:108,2,0,6
BRDA:108,2,1,25
BRF:7
BRH:7
end_of_record
TN:
SF:src\screens\CheckoutScreen.tsx
FN:23,(anonymous_0)
FN:24,(anonymous_1)
FN:24,(anonymous_2)
FN:26,CheckoutScreen
FN:34,(anonymous_4)
FN:64,(anonymous_5)
FN:64,(anonymous_6)
FN:69,(anonymous_7)
FN:69,(anonymous_8)
FN:74,(anonymous_9)
FN:74,(anonymous_10)
FN:101,(anonymous_11)
FNF:12
FNH:11
FNDA:5,(anonymous_0)
FNDA:13,(anonymous_1)
FNDA:41,(anonymous_2)
FNDA:40,CheckoutScreen
FNDA:5,(anonymous_4)
FNDA:10,(anonymous_5)
FNDA:10,(anonymous_6)
FNDA:9,(anonymous_7)
FNDA:9,(anonymous_8)
FNDA:12,(anonymous_9)
FNDA:12,(anonymous_10)
FNDA:0,(anonymous_11)
DA:19,1
DA:20,1
DA:21,1
DA:23,1
DA:24,41
DA:27,40
DA:28,40
DA:29,40
DA:30,40
DA:31,40
DA:32,40
DA:34,40
DA:35,5
DA:36,1
DA:37,1
DA:38,1
DA:41,4
DA:42,4
DA:43,4
DA:46,40
DA:64,10
DA:69,9
DA:74,12
DA:101,0
LF:24
LH:23
BRDA:35,0,0,1
BRDA:35,0,1,4
BRDA:43,1,0,2
BRDA:43,1,1,2
BRDA:50,2,0,40
BRDA:50,2,1,0
BRDA:51,3,0,40
BRDA:51,3,1,0
BRDA:77,4,0,40
BRDA:77,4,1,1
BRDA:82,5,0,40
BRDA:82,5,1,2
BRDA:98,6,0,40
BRDA:98,6,1,40
BRF:14
BRH:12
end_of_record
TN:
SF:src\screens\CreateTaskScreen.tsx
FN:16,CreateTaskScreen
FN:22,(anonymous_1)
FN:38,(anonymous_2)
FN:43,(anonymous_3)
FN:59,(anonymous_4)
FN:60,(anonymous_5)
FNF:6
FNH:3
FNDA:5,CreateTaskScreen
FNDA:4,(anonymous_1)
FNDA:15,(anonymous_2)
FNDA:0,(anonymous_3)
FNDA:0,(anonymous_4)
FNDA:0,(anonymous_5)
DA:10,1
DA:17,5
DA:18,5
DA:19,5
DA:20,5
DA:22,5
DA:23,5
DA:25,5
DA:39,15
DA:40,15
DA:43,0
DA:59,0
DA:61,0
DA:62,0
LF:14
LH:10
BRDA:32,0,0,5
BRDA:32,0,1,2
BRDA:46,1,0,5
BRDA:46,1,1,10
BRDA:48,2,0,5
BRDA:48,2,1,10
BRDA:61,3,0,0
BRDA:61,3,1,0
BRF:8
BRH:6
end_of_record
TN:
SF:src\screens\CreateTechnicalSupportScreen.tsx
FN:22,CreateTechnicalSupportScreen
FN:29,(anonymous_1)
FN:72,(anonymous_2)
FN:78,(anonymous_3)
FN:110,(anonymous_4)
FN:111,(anonymous_5)
FN:122,(anonymous_6)
FNF:7
FNH:4
FNDA:23,CreateTechnicalSupportScreen
FNDA:4,(anonymous_1)
FNDA:115,(anonymous_2)
FNDA:0,(anonymous_3)
FNDA:0,(anonymous_4)
FNDA:1,(anonymous_5)
FNDA:0,(anonymous_6)
DA:14,2
DA:23,23
DA:24,23
DA:25,23
DA:26,23
DA:28,23
DA:29,23
DA:31,23
DA:73,115
DA:74,115
DA:78,0
DA:110,0
DA:112,1
DA:113,1
DA:115,1
DA:122,0
LF:16
LH:13
BRDA:50,0,0,23
BRDA:50,0,1,4
BRDA:58,1,0,23
BRDA:58,1,1,0
BRDA:58,1,2,0
BRDA:83,2,0,23
BRDA:83,2,1,92
BRDA:87,3,0,23
BRDA:87,3,1,92
BRDA:108,4,0,1
BRDA:108,4,1,22
BRDA:112,5,0,1
BRDA:112,5,1,0
BRDA:119,6,0,23
BRDA:119,6,1,23
BRF:15
BRH:12
end_of_record
TN:
SF:src\screens\HomeScreen.tsx
FN:27,HomeScreen
FN:36,(anonymous_1)
FNF:2
FNH:0
FNDA:0,HomeScreen
FNDA:0,(anonymous_1)
DA:6,0
DA:28,0
DA:30,0
DA:37,0
LF:4
LH:0
BRF:0
BRH:0
end_of_record
TN:
SF:src\services\taskService.ts
FN:5,fetchTasks
FN:11,createTask
FNF:2
FNH:2
FNDA:2,fetchTasks
FNDA:3,createTask
DA:3,1
DA:6,2
DA:7,2
DA:8,1
DA:12,3
DA:17,3
DA:18,2
LF:7
LH:7
BRDA:7,0,0,1
BRDA:7,0,1,1
BRDA:17,1,0,1
BRDA:17,1,1,2
BRF:4
BRH:4
end_of_record
TN:
SF:src\services\technicalSupportService.ts
FN:5,fetchTechnicalSupports
FN:11,createTechnicalSupport
FNF:2
FNH:2
FNDA:2,fetchTechnicalSupports
FNDA:3,createTechnicalSupport
DA:3,1
DA:6,2
DA:7,2
DA:8,1
DA:14,3
DA:19,3
DA:20,2
LF:7
LH:7
BRDA:7,0,0,1
BRDA:7,0,1,1
BRDA:19,1,0,1
BRDA:19,1,1,2
BRF:4
BRH:4
end_of_record
TN:
SF:src\utils\filterTasks.ts
FN:7,filterTasksByStatus
FN:12,(anonymous_1)
FNF:2
FNH:2
FNDA:9,filterTasksByStatus
FNDA:8,(anonymous_1)
DA:5,2
DA:8,9
DA:9,1
DA:11,8
DA:12,8
LF:5
LH:5
BRDA:8,0,0,1
BRDA:8,0,1,8
BRDA:11,1,0,6
BRDA:11,1,1,2
BRF:4
BRH:4
end_of_record
TN:
SF:src\utils\filterTechnicalSupport.ts
FN:13,filterTechnicalSupportByStatus
FN:21,(anonymous_1)
FNF:2
FNH:2
FNDA:27,filterTechnicalSupportByStatus
FNDA:5,(anonymous_1)
DA:5,3
DA:17,27
DA:18,1
DA:20,26
DA:21,5
LF:5
LH:5
BRDA:17,0,0,1
BRDA:17,0,1,26
BRDA:20,1,0,24
BRDA:20,1,1,2
BRF:4
BRH:4
end_of_record
TN:
SF:src\utils\validateTask.ts
FN:1,validateTaskTitle
FNF:1
FNH:1
FNDA:7,validateTaskTitle
DA:2,7
DA:3,2
DA:5,5
DA:6,1
DA:8,4
DA:9,1
DA:11,3
LF:7
LH:7
BRDA:2,0,0,2
BRDA:2,0,1,5
BRDA:2,1,0,7
BRDA:2,1,1,6
BRDA:5,2,0,1
BRDA:5,2,1,4
BRDA:8,3,0,1
BRDA:8,3,1,3
BRF:8
BRH:8
end_of_record
